This file contains any messages produced by compilers while
running configure, to aid debugging if configure makes a mistake.

It was created by libjpeg-turbo configure 1.5.2, which was
generated by GNU Autoconf 2.69.  Invocation command line was

  $ ./configure --build=x86_64-linux --host=arm-eabi --target=arm-eabi --with-sysroot=/usr/local/opt/android-sdk/ndk-bundle/platforms/android-21/arch-arm/usr --prefix=/Users/zhufeng/git/android-shell-build/android/build/../jpegturbo/dist/

## --------- ##
## Platform. ##
## --------- ##

hostname = FengdeMacBook-Pro.local
uname -m = x86_64
uname -r = 16.6.0
uname -s = Darwin
uname -v = Darwin Kernel Version 16.6.0: Fri Apr 14 16:21:16 PDT 2017; root:xnu-3789.60.24~6/RELEASE_X86_64

/usr/bin/uname -p = i386
/bin/uname -X     = unknown

/bin/arch              = unknown
/usr/bin/arch -k       = unknown
/usr/convex/getsysinfo = unknown
/usr/bin/hostinfo      = Mach kernel version:
	 Darwin Kernel Version 16.6.0: Fri Apr 14 16:21:16 PDT 2017; root:xnu-3789.60.24~6/RELEASE_X86_64
Kernel configured for up to 8 processors.
4 processors are physically available.
8 processors are logically available.
Processor type: i486 (Intel 80486)
Processors active: 0 1 2 3 4 5 6 7
Primary memory available: 16.00 gigabytes
Default processor set: 429 tasks, 2184 threads, 8 processors
Load average: 2.53, Mach factor: 5.46
/bin/machine           = unknown
/usr/bin/oslevel       = unknown
/bin/universe          = unknown

PATH: /Users/zhufeng/.yarn/bin
PATH: /usr/local//Cellar/node/7.8.0/bin/
PATH: /Users/zhufeng/.config/yarn/global/node_modules/.bin
PATH: /usr/local/Cellar/ant/1.9.7/bin
PATH: /usr/local/opt/android-sdk/tools
PATH: /usr/local/opt/android-sdk/platform-tools
PATH: /usr/local/opt/android-sdk
PATH: /usr/local/opt/android-sdk/ndk-bundle
PATH: /Users/zhufeng/android/cocos2d-x-3.13.1/templates
PATH: /Users/zhufeng/android
PATH: /Users/zhufeng/android/cocos2d-x-3.13.1/tools/cocos2d-console/bin
PATH: /usr/local/bin
PATH: /usr/bin
PATH: /bin
PATH: /usr/sbin
PATH: /sbin
PATH: /Library/Frameworks/Mono.framework/Versions/Current/Commands
PATH: /Applications/Wireshark.app/Contents/MacOS


## ----------- ##
## Core tests. ##
## ----------- ##

configure:2677: checking for a BSD-compatible install
configure:2745: result: /usr/bin/install -c
configure:2756: checking whether build environment is sane
configure:2811: result: yes
configure:2870: checking for arm-eabi-strip
configure:2897: result: /usr/local/opt/android-sdk/ndk-bundle/toolchains/arm-linux-androideabi-4.9/prebuilt/darwin-x86_64/bin/arm-linux-androideabi-strip
configure:2962: checking for a thread-safe mkdir -p
configure:3001: result: ./install-sh -c -d
configure:3008: checking for gawk
configure:3038: result: no
configure:3008: checking for mawk
configure:3038: result: no
configure:3008: checking for nawk
configure:3038: result: no
configure:3008: checking for awk
configure:3024: found /usr/bin/awk
configure:3035: result: awk
configure:3046: checking whether make sets $(MAKE)
configure:3068: result: yes
configure:3097: checking whether make supports nested variables
configure:3114: result: yes
configure:3253: checking whether make supports nested variables
configure:3270: result: yes
configure:3297: checking for style of include used by make
configure:3325: result: GNU
configure:3356: checking for arm-eabi-gcc
configure:3383: result: /usr/local/opt/android-sdk/ndk-bundle/toolchains/arm-linux-androideabi-4.9/prebuilt/darwin-x86_64/bin/arm-linux-androideabi-gcc
configure:3652: checking for C compiler version
configure:3661: /usr/local/opt/android-sdk/ndk-bundle/toolchains/arm-linux-androideabi-4.9/prebuilt/darwin-x86_64/bin/arm-linux-androideabi-gcc --version >&5
arm-linux-androideabi-gcc (GCC) 4.9.x 20150123 (prerelease)
Copyright (C) 2014 Free Software Foundation, Inc.
This is free software; see the source for copying conditions.  There is NO
warranty; not even for MERCHANTABILITY or FITNESS FOR A PARTICULAR PURPOSE.

configure:3672: $? = 0
configure:3661: /usr/local/opt/android-sdk/ndk-bundle/toolchains/arm-linux-androideabi-4.9/prebuilt/darwin-x86_64/bin/arm-linux-androideabi-gcc -v >&5
Using built-in specs.
COLLECT_GCC=/usr/local/opt/android-sdk/ndk-bundle/toolchains/arm-linux-androideabi-4.9/prebuilt/darwin-x86_64/bin/arm-linux-androideabi-gcc
COLLECT_LTO_WRAPPER=/usr/local/Cellar/android-sdk/24.4.1_1/ndk-bundle/toolchains/arm-linux-androideabi-4.9/prebuilt/darwin-x86_64/bin/../libexec/gcc/arm-linux-androideabi/4.9.x/lto-wrapper
Target: arm-linux-androideabi
Configured with: /Volumes/Android/buildbot/src/android/gcc/toolchain/build/../gcc/gcc-4.9/configure --prefix=/tmp/0899942388fbb00fc6ca4802fb5910ae --target=arm-linux-androideabi --host=x86_64-apple-darwin --build=x86_64-apple-darwin --with-gnu-as --with-gnu-ld --enable-languages=c,c++ --with-gmp=/buildbot/tmp/build/toolchain/temp-install --with-mpfr=/buildbot/tmp/build/toolchain/temp-install --with-mpc=/buildbot/tmp/build/toolchain/temp-install --with-cloog=/buildbot/tmp/build/toolchain/temp-install --with-isl=/buildbot/tmp/build/toolchain/temp-install --with-ppl=/buildbot/tmp/build/toolchain/temp-install --disable-ppl-version-check --disable-cloog-version-check --disable-isl-version-check --enable-cloog-backend=isl --with-host-libstdcxx='-static-libgcc -lstdc++ -lm' --disable-libssp --enable-threads --disable-nls --disable-libmudflap --disable-libgomp --disable-libstdc__-v3 --disable-sjlj-exceptions --disable-shared --disable-tls --disable-libitm --with-float=soft --with-fpu=vfp --with-arch=armv5te --enable-target-optspace --enable-bionic-libs --enable-libatomic-ifuncs=no --enable-initfini-array --disable-nls --prefix=/tmp/0899942388fbb00fc6ca4802fb5910ae --with-sysroot=/tmp/0899942388fbb00fc6ca4802fb5910ae/sysroot --with-binutils-version=2.25 --with-mpfr-version=3.1.1 --with-mpc-version=1.0.1 --with-gmp-version=5.0.5 --with-gcc-version=4.9 --with-gdb-version=none --with-gxx-include-dir=/tmp/0899942388fbb00fc6ca4802fb5910ae/include/c++/4.9.x --with-bugurl=http://source.android.com/source/report-bugs.html --enable-languages=c,c++ --disable-bootstrap --enable-plugins --enable-libgomp --enable-gnu-indirect-function --disable-libsanitizer --enable-gold --enable-threads --enable-eh-frame-hdr-for-static --enable-graphite=yes --with-isl-version=0.11.1 --with-cloog-version=0.18.0 --with-arch=armv5te --program-transform-name='s&^&arm-linux-androideabi-&' --enable-gold=default
Thread model: posix
gcc version 4.9.x 20150123 (prerelease) (GCC) 
configure:3672: $? = 0
configure:3661: /usr/local/opt/android-sdk/ndk-bundle/toolchains/arm-linux-androideabi-4.9/prebuilt/darwin-x86_64/bin/arm-linux-androideabi-gcc -V >&5
arm-linux-androideabi-gcc: error: unrecognized command line option '-V'
arm-linux-androideabi-gcc: fatal error: no input files
compilation terminated.
configure:3672: $? = 1
configure:3661: /usr/local/opt/android-sdk/ndk-bundle/toolchains/arm-linux-androideabi-4.9/prebuilt/darwin-x86_64/bin/arm-linux-androideabi-gcc -qversion >&5
arm-linux-androideabi-gcc: error: unrecognized command line option '-qversion'
arm-linux-androideabi-gcc: fatal error: no input files
compilation terminated.
configure:3672: $? = 1
configure:3692: checking whether the C compiler works
configure:3714: /usr/local/opt/android-sdk/ndk-bundle/toolchains/arm-linux-androideabi-4.9/prebuilt/darwin-x86_64/bin/arm-linux-androideabi-gcc --sysroot=/usr/local/opt/android-sdk/ndk-bundle/platforms/android-21/arch-arm/usr -I/usr/local/opt/android-sdk/ndk-bundle/platforms/android-21/arch-arm/usr/include -fPIE -pie -I/usr/local/opt/android-sdk/ndk-bundle/sources/android/support/include --sysroot=/usr/local/opt/android-sdk/ndk-bundle/platforms/android-21/arch-arm/usr -I/usr/local/opt/android-sdk/ndk-bundle/platforms/android-21/arch-arm/usr/include -fPIE -pie -I/usr/local/opt/android-sdk/ndk-bundle/sources/android/support/include -fPIE -pie --sysroot=/usr/local/opt/android-sdk/ndk-bundle/platforms/android-21/arch-arm/usr -L/usr/local/opt/android-sdk/ndk-bundle/platforms/android-21/arch-arm/usr/lib -fPIE -pie conftest.c  >&5
configure:3718: $? = 0
configure:3766: result: yes
configure:3769: checking for C compiler default output file name
configure:3771: result: a.out
configure:3777: checking for suffix of executables
configure:3784: /usr/local/opt/android-sdk/ndk-bundle/toolchains/arm-linux-androideabi-4.9/prebuilt/darwin-x86_64/bin/arm-linux-androideabi-gcc -o conftest --sysroot=/usr/local/opt/android-sdk/ndk-bundle/platforms/android-21/arch-arm/usr -I/usr/local/opt/android-sdk/ndk-bundle/platforms/android-21/arch-arm/usr/include -fPIE -pie -I/usr/local/opt/android-sdk/ndk-bundle/sources/android/support/include --sysroot=/usr/local/opt/android-sdk/ndk-bundle/platforms/android-21/arch-arm/usr -I/usr/local/opt/android-sdk/ndk-bundle/platforms/android-21/arch-arm/usr/include -fPIE -pie -I/usr/local/opt/android-sdk/ndk-bundle/sources/android/support/include -fPIE -pie --sysroot=/usr/local/opt/android-sdk/ndk-bundle/platforms/android-21/arch-arm/usr -L/usr/local/opt/android-sdk/ndk-bundle/platforms/android-21/arch-arm/usr/lib -fPIE -pie conftest.c  >&5
configure:3788: $? = 0
configure:3810: result: 
configure:3832: checking whether we are cross compiling
configure:3870: result: yes
configure:3875: checking for suffix of object files
configure:3897: /usr/local/opt/android-sdk/ndk-bundle/toolchains/arm-linux-androideabi-4.9/prebuilt/darwin-x86_64/bin/arm-linux-androideabi-gcc -c --sysroot=/usr/local/opt/android-sdk/ndk-bundle/platforms/android-21/arch-arm/usr -I/usr/local/opt/android-sdk/ndk-bundle/platforms/android-21/arch-arm/usr/include -fPIE -pie -I/usr/local/opt/android-sdk/ndk-bundle/sources/android/support/include --sysroot=/usr/local/opt/android-sdk/ndk-bundle/platforms/android-21/arch-arm/usr -I/usr/local/opt/android-sdk/ndk-bundle/platforms/android-21/arch-arm/usr/include -fPIE -pie -I/usr/local/opt/android-sdk/ndk-bundle/sources/android/support/include -fPIE -pie conftest.c >&5
configure:3901: $? = 0
configure:3922: result: o
configure:3926: checking whether we are using the GNU C compiler
configure:3945: /usr/local/opt/android-sdk/ndk-bundle/toolchains/arm-linux-androideabi-4.9/prebuilt/darwin-x86_64/bin/arm-linux-androideabi-gcc -c --sysroot=/usr/local/opt/android-sdk/ndk-bundle/platforms/android-21/arch-arm/usr -I/usr/local/opt/android-sdk/ndk-bundle/platforms/android-21/arch-arm/usr/include -fPIE -pie -I/usr/local/opt/android-sdk/ndk-bundle/sources/android/support/include --sysroot=/usr/local/opt/android-sdk/ndk-bundle/platforms/android-21/arch-arm/usr -I/usr/local/opt/android-sdk/ndk-bundle/platforms/android-21/arch-arm/usr/include -fPIE -pie -I/usr/local/opt/android-sdk/ndk-bundle/sources/android/support/include -fPIE -pie conftest.c >&5
configure:3945: $? = 0
configure:3954: result: yes
configure:3963: checking whether /usr/local/opt/android-sdk/ndk-bundle/toolchains/arm-linux-androideabi-4.9/prebuilt/darwin-x86_64/bin/arm-linux-androideabi-gcc accepts -g
configure:3983: /usr/local/opt/android-sdk/ndk-bundle/toolchains/arm-linux-androideabi-4.9/prebuilt/darwin-x86_64/bin/arm-linux-androideabi-gcc -c -g --sysroot=/usr/local/opt/android-sdk/ndk-bundle/platforms/android-21/arch-arm/usr -I/usr/local/opt/android-sdk/ndk-bundle/platforms/android-21/arch-arm/usr/include -fPIE -pie -I/usr/local/opt/android-sdk/ndk-bundle/sources/android/support/include -fPIE -pie conftest.c >&5
configure:3983: $? = 0
configure:4024: result: yes
configure:4041: checking for /usr/local/opt/android-sdk/ndk-bundle/toolchains/arm-linux-androideabi-4.9/prebuilt/darwin-x86_64/bin/arm-linux-androideabi-gcc option to accept ISO C89
configure:4104: /usr/local/opt/android-sdk/ndk-bundle/toolchains/arm-linux-androideabi-4.9/prebuilt/darwin-x86_64/bin/arm-linux-androideabi-gcc  -c --sysroot=/usr/local/opt/android-sdk/ndk-bundle/platforms/android-21/arch-arm/usr -I/usr/local/opt/android-sdk/ndk-bundle/platforms/android-21/arch-arm/usr/include -fPIE -pie -I/usr/local/opt/android-sdk/ndk-bundle/sources/android/support/include --sysroot=/usr/local/opt/android-sdk/ndk-bundle/platforms/android-21/arch-arm/usr -I/usr/local/opt/android-sdk/ndk-bundle/platforms/android-21/arch-arm/usr/include -fPIE -pie -I/usr/local/opt/android-sdk/ndk-bundle/sources/android/support/include -fPIE -pie conftest.c >&5
configure:4104: $? = 0
configure:4117: result: none needed
configure:4142: checking whether /usr/local/opt/android-sdk/ndk-bundle/toolchains/arm-linux-androideabi-4.9/prebuilt/darwin-x86_64/bin/arm-linux-androideabi-gcc understands -c and -o together
configure:4164: /usr/local/opt/android-sdk/ndk-bundle/toolchains/arm-linux-androideabi-4.9/prebuilt/darwin-x86_64/bin/arm-linux-androideabi-gcc -c conftest.c -o conftest2.o
configure:4167: $? = 0
configure:4164: /usr/local/opt/android-sdk/ndk-bundle/toolchains/arm-linux-androideabi-4.9/prebuilt/darwin-x86_64/bin/arm-linux-androideabi-gcc -c conftest.c -o conftest2.o
configure:4167: $? = 0
configure:4179: result: yes
configure:4198: checking dependency style of /usr/local/opt/android-sdk/ndk-bundle/toolchains/arm-linux-androideabi-4.9/prebuilt/darwin-x86_64/bin/arm-linux-androideabi-gcc
configure:4309: result: gcc3
configure:4329: checking how to run the C preprocessor
configure:4399: result: /usr/local/opt/android-sdk/ndk-bundle/toolchains/arm-linux-androideabi-4.9/prebuilt/darwin-x86_64/bin/arm-linux-androideabi-cpp
configure:4419: /usr/local/opt/android-sdk/ndk-bundle/toolchains/arm-linux-androideabi-4.9/prebuilt/darwin-x86_64/bin/arm-linux-androideabi-cpp --sysroot=/usr/local/opt/android-sdk/ndk-bundle/platforms/android-21/arch-arm/usr -I/usr/local/opt/android-sdk/ndk-bundle/platforms/android-21/arch-arm/usr/include -fPIE -pie -I/usr/local/opt/android-sdk/ndk-bundle/sources/android/support/include -fPIE -pie conftest.c
configure:4419: $? = 0
configure:4433: /usr/local/opt/android-sdk/ndk-bundle/toolchains/arm-linux-androideabi-4.9/prebuilt/darwin-x86_64/bin/arm-linux-androideabi-cpp --sysroot=/usr/local/opt/android-sdk/ndk-bundle/platforms/android-21/arch-arm/usr -I/usr/local/opt/android-sdk/ndk-bundle/platforms/android-21/arch-arm/usr/include -fPIE -pie -I/usr/local/opt/android-sdk/ndk-bundle/sources/android/support/include -fPIE -pie conftest.c
conftest.c:11:28: fatal error: ac_nonexistent.h: No such file or directory
 #include <ac_nonexistent.h>
                            ^
compilation terminated.
configure:4433: $? = 1
configure: failed program was:
| /* confdefs.h */
| #define PACKAGE_NAME "libjpeg-turbo"
| #define PACKAGE_TARNAME "libjpeg-turbo"
| #define PACKAGE_VERSION "1.5.2"
| #define PACKAGE_STRING "libjpeg-turbo 1.5.2"
| #define PACKAGE_BUGREPORT ""
| #define PACKAGE_URL ""
| #define PACKAGE "libjpeg-turbo"
| #define VERSION "1.5.2"
| /* end confdefs.h.  */
| #include <ac_nonexistent.h>
configure:4469: checking for arm-eabi-gcc
configure:4496: result: /usr/local/opt/android-sdk/ndk-bundle/toolchains/arm-linux-androideabi-4.9/prebuilt/darwin-x86_64/bin/arm-linux-androideabi-gcc
configure:4765: checking for C compiler version
configure:4774: /usr/local/opt/android-sdk/ndk-bundle/toolchains/arm-linux-androideabi-4.9/prebuilt/darwin-x86_64/bin/arm-linux-androideabi-gcc --version >&5
arm-linux-androideabi-gcc (GCC) 4.9.x 20150123 (prerelease)
Copyright (C) 2014 Free Software Foundation, Inc.
This is free software; see the source for copying conditions.  There is NO
warranty; not even for MERCHANTABILITY or FITNESS FOR A PARTICULAR PURPOSE.

configure:4785: $? = 0
configure:4774: /usr/local/opt/android-sdk/ndk-bundle/toolchains/arm-linux-androideabi-4.9/prebuilt/darwin-x86_64/bin/arm-linux-androideabi-gcc -v >&5
Using built-in specs.
COLLECT_GCC=/usr/local/opt/android-sdk/ndk-bundle/toolchains/arm-linux-androideabi-4.9/prebuilt/darwin-x86_64/bin/arm-linux-androideabi-gcc
COLLECT_LTO_WRAPPER=/usr/local/Cellar/android-sdk/24.4.1_1/ndk-bundle/toolchains/arm-linux-androideabi-4.9/prebuilt/darwin-x86_64/bin/../libexec/gcc/arm-linux-androideabi/4.9.x/lto-wrapper
Target: arm-linux-androideabi
Configured with: /Volumes/Android/buildbot/src/android/gcc/toolchain/build/../gcc/gcc-4.9/configure --prefix=/tmp/0899942388fbb00fc6ca4802fb5910ae --target=arm-linux-androideabi --host=x86_64-apple-darwin --build=x86_64-apple-darwin --with-gnu-as --with-gnu-ld --enable-languages=c,c++ --with-gmp=/buildbot/tmp/build/toolchain/temp-install --with-mpfr=/buildbot/tmp/build/toolchain/temp-install --with-mpc=/buildbot/tmp/build/toolchain/temp-install --with-cloog=/buildbot/tmp/build/toolchain/temp-install --with-isl=/buildbot/tmp/build/toolchain/temp-install --with-ppl=/buildbot/tmp/build/toolchain/temp-install --disable-ppl-version-check --disable-cloog-version-check --disable-isl-version-check --enable-cloog-backend=isl --with-host-libstdcxx='-static-libgcc -lstdc++ -lm' --disable-libssp --enable-threads --disable-nls --disable-libmudflap --disable-libgomp --disable-libstdc__-v3 --disable-sjlj-exceptions --disable-shared --disable-tls --disable-libitm --with-float=soft --with-fpu=vfp --with-arch=armv5te --enable-target-optspace --enable-bionic-libs --enable-libatomic-ifuncs=no --enable-initfini-array --disable-nls --prefix=/tmp/0899942388fbb00fc6ca4802fb5910ae --with-sysroot=/tmp/0899942388fbb00fc6ca4802fb5910ae/sysroot --with-binutils-version=2.25 --with-mpfr-version=3.1.1 --with-mpc-version=1.0.1 --with-gmp-version=5.0.5 --with-gcc-version=4.9 --with-gdb-version=none --with-gxx-include-dir=/tmp/0899942388fbb00fc6ca4802fb5910ae/include/c++/4.9.x --with-bugurl=http://source.android.com/source/report-bugs.html --enable-languages=c,c++ --disable-bootstrap --enable-plugins --enable-libgomp --enable-gnu-indirect-function --disable-libsanitizer --enable-gold --enable-threads --enable-eh-frame-hdr-for-static --enable-graphite=yes --with-isl-version=0.11.1 --with-cloog-version=0.18.0 --with-arch=armv5te --program-transform-name='s&^&arm-linux-androideabi-&' --enable-gold=default
Thread model: posix
gcc version 4.9.x 20150123 (prerelease) (GCC) 
configure:4785: $? = 0
configure:4774: /usr/local/opt/android-sdk/ndk-bundle/toolchains/arm-linux-androideabi-4.9/prebuilt/darwin-x86_64/bin/arm-linux-androideabi-gcc -V >&5
arm-linux-androideabi-gcc: error: unrecognized command line option '-V'
arm-linux-androideabi-gcc: fatal error: no input files
compilation terminated.
configure:4785: $? = 1
configure:4774: /usr/local/opt/android-sdk/ndk-bundle/toolchains/arm-linux-androideabi-4.9/prebuilt/darwin-x86_64/bin/arm-linux-androideabi-gcc -qversion >&5
arm-linux-androideabi-gcc: error: unrecognized command line option '-qversion'
arm-linux-androideabi-gcc: fatal error: no input files
compilation terminated.
configure:4785: $? = 1
configure:4789: checking whether we are using the GNU C compiler
configure:4817: result: yes
configure:4826: checking whether /usr/local/opt/android-sdk/ndk-bundle/toolchains/arm-linux-androideabi-4.9/prebuilt/darwin-x86_64/bin/arm-linux-androideabi-gcc accepts -g
configure:4887: result: yes
configure:4904: checking for /usr/local/opt/android-sdk/ndk-bundle/toolchains/arm-linux-androideabi-4.9/prebuilt/darwin-x86_64/bin/arm-linux-androideabi-gcc option to accept ISO C89
configure:4980: result: none needed
configure:5005: checking whether /usr/local/opt/android-sdk/ndk-bundle/toolchains/arm-linux-androideabi-4.9/prebuilt/darwin-x86_64/bin/arm-linux-androideabi-gcc understands -c and -o together
configure:5042: result: yes
configure:5061: checking dependency style of /usr/local/opt/android-sdk/ndk-bundle/toolchains/arm-linux-androideabi-4.9/prebuilt/darwin-x86_64/bin/arm-linux-androideabi-gcc
configure:5172: result: gcc3
configure:5193: checking for arm-eabi-ar
configure:5220: result: /usr/local/opt/android-sdk/ndk-bundle/toolchains/arm-linux-androideabi-4.9/prebuilt/darwin-x86_64/bin/arm-linux-androideabi-ar
configure:5290: checking the archiver (/usr/local/opt/android-sdk/ndk-bundle/toolchains/arm-linux-androideabi-4.9/prebuilt/darwin-x86_64/bin/arm-linux-androideabi-ar) interface
configure:5306: /usr/local/opt/android-sdk/ndk-bundle/toolchains/arm-linux-androideabi-4.9/prebuilt/darwin-x86_64/bin/arm-linux-androideabi-gcc -c --sysroot=/usr/local/opt/android-sdk/ndk-bundle/platforms/android-21/arch-arm/usr -I/usr/local/opt/android-sdk/ndk-bundle/platforms/android-21/arch-arm/usr/include -fPIE -pie -I/usr/local/opt/android-sdk/ndk-bundle/sources/android/support/include --sysroot=/usr/local/opt/android-sdk/ndk-bundle/platforms/android-21/arch-arm/usr -I/usr/local/opt/android-sdk/ndk-bundle/platforms/android-21/arch-arm/usr/include -fPIE -pie -I/usr/local/opt/android-sdk/ndk-bundle/sources/android/support/include -fPIE -pie conftest.c >&5
configure:5306: $? = 0
configure:5308: /usr/local/opt/android-sdk/ndk-bundle/toolchains/arm-linux-androideabi-4.9/prebuilt/darwin-x86_64/bin/arm-linux-androideabi-ar cru libconftest.a conftest.o >&5
configure:5311: $? = 0
configure:5339: result: ar
configure:5368: checking dependency style of /usr/local/opt/android-sdk/ndk-bundle/toolchains/arm-linux-androideabi-4.9/prebuilt/darwin-x86_64/bin/arm-linux-androideabi-gcc
configure:5477: result: gcc3
configure:5523: checking build system type
configure:5537: result: x86_64-pc-linux-gnu
configure:5557: checking host system type
configure:5570: result: arm-unknown-eabi
configure:5611: checking how to print strings
configure:5638: result: printf
configure:5659: checking for a sed that does not truncate output
configure:5723: result: /usr/local/bin/gsed
configure:5741: checking for grep that handles long lines and -e
configure:5799: result: /usr/bin/grep
configure:5804: checking for egrep
configure:5866: result: /usr/bin/grep -E
configure:5871: checking for fgrep
configure:5933: result: /usr/bin/grep -F
configure:5968: checking for ld used by /usr/local/opt/android-sdk/ndk-bundle/toolchains/arm-linux-androideabi-4.9/prebuilt/darwin-x86_64/bin/arm-linux-androideabi-gcc
configure:6035: result: /usr/local/opt/android-sdk/ndk-bundle/toolchains/arm-linux-androideabi-4.9/prebuilt/darwin-x86_64/bin/arm-linux-androideabi-ld
configure:6042: checking if the linker (/usr/local/opt/android-sdk/ndk-bundle/toolchains/arm-linux-androideabi-4.9/prebuilt/darwin-x86_64/bin/arm-linux-androideabi-ld) is GNU ld
configure:6057: result: yes
configure:6069: checking for BSD- or MS-compatible name lister (nm)
configure:6123: result: /usr/local/opt/android-sdk/ndk-bundle/toolchains/arm-linux-androideabi-4.9/prebuilt/darwin-x86_64/bin/arm-linux-androideabi-nm
configure:6253: checking the name lister (/usr/local/opt/android-sdk/ndk-bundle/toolchains/arm-linux-androideabi-4.9/prebuilt/darwin-x86_64/bin/arm-linux-androideabi-nm) interface
configure:6260: /usr/local/opt/android-sdk/ndk-bundle/toolchains/arm-linux-androideabi-4.9/prebuilt/darwin-x86_64/bin/arm-linux-androideabi-gcc -c --sysroot=/usr/local/opt/android-sdk/ndk-bundle/platforms/android-21/arch-arm/usr -I/usr/local/opt/android-sdk/ndk-bundle/platforms/android-21/arch-arm/usr/include -fPIE -pie -I/usr/local/opt/android-sdk/ndk-bundle/sources/android/support/include --sysroot=/usr/local/opt/android-sdk/ndk-bundle/platforms/android-21/arch-arm/usr -I/usr/local/opt/android-sdk/ndk-bundle/platforms/android-21/arch-arm/usr/include -fPIE -pie -I/usr/local/opt/android-sdk/ndk-bundle/sources/android/support/include -fPIE -pie conftest.c >&5
configure:6263: /usr/local/opt/android-sdk/ndk-bundle/toolchains/arm-linux-androideabi-4.9/prebuilt/darwin-x86_64/bin/arm-linux-androideabi-nm "conftest.o"
configure:6266: output
00000000 B some_variable
configure:6273: result: BSD nm
configure:6276: checking whether ln -s works
configure:6280: result: yes
configure:6288: checking the maximum length of command line arguments
configure:6419: result: 196608
configure:6467: checking how to convert x86_64-pc-linux-gnu file names to arm-unknown-eabi format
configure:6507: result: func_convert_file_noop
configure:6514: checking how to convert x86_64-pc-linux-gnu file names to toolchain format
configure:6534: result: func_convert_file_noop
configure:6541: checking for /usr/local/opt/android-sdk/ndk-bundle/toolchains/arm-linux-androideabi-4.9/prebuilt/darwin-x86_64/bin/arm-linux-androideabi-ld option to reload object files
configure:6548: result: -r
configure:6582: checking for arm-eabi-objdump
configure:6609: result: /usr/local/opt/android-sdk/ndk-bundle/toolchains/arm-linux-androideabi-4.9/prebuilt/darwin-x86_64/bin/arm-linux-androideabi-objdump
configure:6681: checking how to recognize dependent libraries
configure:6881: result: unknown
configure:6926: checking for arm-eabi-dlltool
configure:6956: result: no
configure:6966: checking for dlltool
configure:6996: result: no
configure:7026: checking how to associate runtime and link libraries
configure:7053: result: printf %s\n
configure:7069: checking for arm-eabi-ar
configure:7096: result: /usr/local/opt/android-sdk/ndk-bundle/toolchains/arm-linux-androideabi-4.9/prebuilt/darwin-x86_64/bin/arm-linux-androideabi-ar
configure:7177: checking for archiver @FILE support
configure:7194: /usr/local/opt/android-sdk/ndk-bundle/toolchains/arm-linux-androideabi-4.9/prebuilt/darwin-x86_64/bin/arm-linux-androideabi-gcc -c --sysroot=/usr/local/opt/android-sdk/ndk-bundle/platforms/android-21/arch-arm/usr -I/usr/local/opt/android-sdk/ndk-bundle/platforms/android-21/arch-arm/usr/include -fPIE -pie -I/usr/local/opt/android-sdk/ndk-bundle/sources/android/support/include --sysroot=/usr/local/opt/android-sdk/ndk-bundle/platforms/android-21/arch-arm/usr -I/usr/local/opt/android-sdk/ndk-bundle/platforms/android-21/arch-arm/usr/include -fPIE -pie -I/usr/local/opt/android-sdk/ndk-bundle/sources/android/support/include -fPIE -pie conftest.c >&5
configure:7194: $? = 0
configure:7197: /usr/local/opt/android-sdk/ndk-bundle/toolchains/arm-linux-androideabi-4.9/prebuilt/darwin-x86_64/bin/arm-linux-androideabi-ar cru libconftest.a @conftest.lst >&5
configure:7200: $? = 0
configure:7205: /usr/local/opt/android-sdk/ndk-bundle/toolchains/arm-linux-androideabi-4.9/prebuilt/darwin-x86_64/bin/arm-linux-androideabi-ar cru libconftest.a @conftest.lst >&5
/usr/local/opt/android-sdk/ndk-bundle/toolchains/arm-linux-androideabi-4.9/prebuilt/darwin-x86_64/bin/arm-linux-androideabi-ar: conftest.o: No such file or directory
configure:7208: $? = 1
configure:7220: result: @
configure:7238: checking for arm-eabi-strip
configure:7265: result: /usr/local/opt/android-sdk/ndk-bundle/toolchains/arm-linux-androideabi-4.9/prebuilt/darwin-x86_64/bin/arm-linux-androideabi-strip
configure:7337: checking for arm-eabi-ranlib
configure:7364: result: /usr/local/opt/android-sdk/ndk-bundle/toolchains/arm-linux-androideabi-4.9/prebuilt/darwin-x86_64/bin/arm-linux-androideabi-ranlib
configure:7506: checking command to parse /usr/local/opt/android-sdk/ndk-bundle/toolchains/arm-linux-androideabi-4.9/prebuilt/darwin-x86_64/bin/arm-linux-androideabi-nm output from /usr/local/opt/android-sdk/ndk-bundle/toolchains/arm-linux-androideabi-4.9/prebuilt/darwin-x86_64/bin/arm-linux-androideabi-gcc object
configure:7659: /usr/local/opt/android-sdk/ndk-bundle/toolchains/arm-linux-androideabi-4.9/prebuilt/darwin-x86_64/bin/arm-linux-androideabi-gcc -c --sysroot=/usr/local/opt/android-sdk/ndk-bundle/platforms/android-21/arch-arm/usr -I/usr/local/opt/android-sdk/ndk-bundle/platforms/android-21/arch-arm/usr/include -fPIE -pie -I/usr/local/opt/android-sdk/ndk-bundle/sources/android/support/include --sysroot=/usr/local/opt/android-sdk/ndk-bundle/platforms/android-21/arch-arm/usr -I/usr/local/opt/android-sdk/ndk-bundle/platforms/android-21/arch-arm/usr/include -fPIE -pie -I/usr/local/opt/android-sdk/ndk-bundle/sources/android/support/include -fPIE -pie conftest.c >&5
configure:7662: $? = 0
configure:7666: /usr/local/opt/android-sdk/ndk-bundle/toolchains/arm-linux-androideabi-4.9/prebuilt/darwin-x86_64/bin/arm-linux-androideabi-nm conftest.o \| sed -n -e 's/^.*[ ]\([ABCDGIRSTW][ABCDGIRSTW]*\)[ ][ ]*\([_A-Za-z][_A-Za-z0-9]*\)$/\1 \2 \2/p' | sed '/ __gnu_lto/d' \> conftest.nm
configure:7669: $? = 0
configure:7735: /usr/local/opt/android-sdk/ndk-bundle/toolchains/arm-linux-androideabi-4.9/prebuilt/darwin-x86_64/bin/arm-linux-androideabi-gcc -o conftest --sysroot=/usr/local/opt/android-sdk/ndk-bundle/platforms/android-21/arch-arm/usr -I/usr/local/opt/android-sdk/ndk-bundle/platforms/android-21/arch-arm/usr/include -fPIE -pie -I/usr/local/opt/android-sdk/ndk-bundle/sources/android/support/include --sysroot=/usr/local/opt/android-sdk/ndk-bundle/platforms/android-21/arch-arm/usr -I/usr/local/opt/android-sdk/ndk-bundle/platforms/android-21/arch-arm/usr/include -fPIE -pie -I/usr/local/opt/android-sdk/ndk-bundle/sources/android/support/include -fPIE -pie --sysroot=/usr/local/opt/android-sdk/ndk-bundle/platforms/android-21/arch-arm/usr -L/usr/local/opt/android-sdk/ndk-bundle/platforms/android-21/arch-arm/usr/lib -fPIE -pie conftest.c conftstm.o >&5
configure:7738: $? = 0
configure:7776: result: ok
configure:7823: checking for sysroot
configure:7853: result: /usr/local/opt/android-sdk/ndk-bundle/platforms/android-21/arch-arm/usr
configure:7860: checking for a working dd
configure:7898: result: /bin/dd
configure:7902: checking how to truncate binary pipes
configure:7917: result: /bin/dd bs=4096 count=1
configure:8206: checking for arm-eabi-mt
configure:8236: result: no
configure:8246: checking for mt
configure:8276: result: no
configure:8296: checking if : is a manifest tool
configure:8302: : '-?'
configure:8310: result: no
configure:8983: checking for ANSI C header files
configure:9003: /usr/local/opt/android-sdk/ndk-bundle/toolchains/arm-linux-androideabi-4.9/prebuilt/darwin-x86_64/bin/arm-linux-androideabi-gcc -c --sysroot=/usr/local/opt/android-sdk/ndk-bundle/platforms/android-21/arch-arm/usr -I/usr/local/opt/android-sdk/ndk-bundle/platforms/android-21/arch-arm/usr/include -fPIE -pie -I/usr/local/opt/android-sdk/ndk-bundle/sources/android/support/include --sysroot=/usr/local/opt/android-sdk/ndk-bundle/platforms/android-21/arch-arm/usr -I/usr/local/opt/android-sdk/ndk-bundle/platforms/android-21/arch-arm/usr/include -fPIE -pie -I/usr/local/opt/android-sdk/ndk-bundle/sources/android/support/include -fPIE -pie conftest.c >&5
configure:9003: $? = 0
configure:9087: result: yes
configure:9100: checking for sys/types.h
configure:9100: /usr/local/opt/android-sdk/ndk-bundle/toolchains/arm-linux-androideabi-4.9/prebuilt/darwin-x86_64/bin/arm-linux-androideabi-gcc -c --sysroot=/usr/local/opt/android-sdk/ndk-bundle/platforms/android-21/arch-arm/usr -I/usr/local/opt/android-sdk/ndk-bundle/platforms/android-21/arch-arm/usr/include -fPIE -pie -I/usr/local/opt/android-sdk/ndk-bundle/sources/android/support/include --sysroot=/usr/local/opt/android-sdk/ndk-bundle/platforms/android-21/arch-arm/usr -I/usr/local/opt/android-sdk/ndk-bundle/platforms/android-21/arch-arm/usr/include -fPIE -pie -I/usr/local/opt/android-sdk/ndk-bundle/sources/android/support/include -fPIE -pie conftest.c >&5
configure:9100: $? = 0
configure:9100: result: yes
configure:9100: checking for sys/stat.h
configure:9100: /usr/local/opt/android-sdk/ndk-bundle/toolchains/arm-linux-androideabi-4.9/prebuilt/darwin-x86_64/bin/arm-linux-androideabi-gcc -c --sysroot=/usr/local/opt/android-sdk/ndk-bundle/platforms/android-21/arch-arm/usr -I/usr/local/opt/android-sdk/ndk-bundle/platforms/android-21/arch-arm/usr/include -fPIE -pie -I/usr/local/opt/android-sdk/ndk-bundle/sources/android/support/include --sysroot=/usr/local/opt/android-sdk/ndk-bundle/platforms/android-21/arch-arm/usr -I/usr/local/opt/android-sdk/ndk-bundle/platforms/android-21/arch-arm/usr/include -fPIE -pie -I/usr/local/opt/android-sdk/ndk-bundle/sources/android/support/include -fPIE -pie conftest.c >&5
configure:9100: $? = 0
configure:9100: result: yes
configure:9100: checking for stdlib.h
configure:9100: /usr/local/opt/android-sdk/ndk-bundle/toolchains/arm-linux-androideabi-4.9/prebuilt/darwin-x86_64/bin/arm-linux-androideabi-gcc -c --sysroot=/usr/local/opt/android-sdk/ndk-bundle/platforms/android-21/arch-arm/usr -I/usr/local/opt/android-sdk/ndk-bundle/platforms/android-21/arch-arm/usr/include -fPIE -pie -I/usr/local/opt/android-sdk/ndk-bundle/sources/android/support/include --sysroot=/usr/local/opt/android-sdk/ndk-bundle/platforms/android-21/arch-arm/usr -I/usr/local/opt/android-sdk/ndk-bundle/platforms/android-21/arch-arm/usr/include -fPIE -pie -I/usr/local/opt/android-sdk/ndk-bundle/sources/android/support/include -fPIE -pie conftest.c >&5
configure:9100: $? = 0
configure:9100: result: yes
configure:9100: checking for string.h
configure:9100: /usr/local/opt/android-sdk/ndk-bundle/toolchains/arm-linux-androideabi-4.9/prebuilt/darwin-x86_64/bin/arm-linux-androideabi-gcc -c --sysroot=/usr/local/opt/android-sdk/ndk-bundle/platforms/android-21/arch-arm/usr -I/usr/local/opt/android-sdk/ndk-bundle/platforms/android-21/arch-arm/usr/include -fPIE -pie -I/usr/local/opt/android-sdk/ndk-bundle/sources/android/support/include --sysroot=/usr/local/opt/android-sdk/ndk-bundle/platforms/android-21/arch-arm/usr -I/usr/local/opt/android-sdk/ndk-bundle/platforms/android-21/arch-arm/usr/include -fPIE -pie -I/usr/local/opt/android-sdk/ndk-bundle/sources/android/support/include -fPIE -pie conftest.c >&5
configure:9100: $? = 0
configure:9100: result: yes
configure:9100: checking for memory.h
configure:9100: /usr/local/opt/android-sdk/ndk-bundle/toolchains/arm-linux-androideabi-4.9/prebuilt/darwin-x86_64/bin/arm-linux-androideabi-gcc -c --sysroot=/usr/local/opt/android-sdk/ndk-bundle/platforms/android-21/arch-arm/usr -I/usr/local/opt/android-sdk/ndk-bundle/platforms/android-21/arch-arm/usr/include -fPIE -pie -I/usr/local/opt/android-sdk/ndk-bundle/sources/android/support/include --sysroot=/usr/local/opt/android-sdk/ndk-bundle/platforms/android-21/arch-arm/usr -I/usr/local/opt/android-sdk/ndk-bundle/platforms/android-21/arch-arm/usr/include -fPIE -pie -I/usr/local/opt/android-sdk/ndk-bundle/sources/android/support/include -fPIE -pie conftest.c >&5
configure:9100: $? = 0
configure:9100: result: yes
configure:9100: checking for strings.h
configure:9100: /usr/local/opt/android-sdk/ndk-bundle/toolchains/arm-linux-androideabi-4.9/prebuilt/darwin-x86_64/bin/arm-linux-androideabi-gcc -c --sysroot=/usr/local/opt/android-sdk/ndk-bundle/platforms/android-21/arch-arm/usr -I/usr/local/opt/android-sdk/ndk-bundle/platforms/android-21/arch-arm/usr/include -fPIE -pie -I/usr/local/opt/android-sdk/ndk-bundle/sources/android/support/include --sysroot=/usr/local/opt/android-sdk/ndk-bundle/platforms/android-21/arch-arm/usr -I/usr/local/opt/android-sdk/ndk-bundle/platforms/android-21/arch-arm/usr/include -fPIE -pie -I/usr/local/opt/android-sdk/ndk-bundle/sources/android/support/include -fPIE -pie conftest.c >&5
configure:9100: $? = 0
configure:9100: result: yes
configure:9100: checking for inttypes.h
configure:9100: /usr/local/opt/android-sdk/ndk-bundle/toolchains/arm-linux-androideabi-4.9/prebuilt/darwin-x86_64/bin/arm-linux-androideabi-gcc -c --sysroot=/usr/local/opt/android-sdk/ndk-bundle/platforms/android-21/arch-arm/usr -I/usr/local/opt/android-sdk/ndk-bundle/platforms/android-21/arch-arm/usr/include -fPIE -pie -I/usr/local/opt/android-sdk/ndk-bundle/sources/android/support/include --sysroot=/usr/local/opt/android-sdk/ndk-bundle/platforms/android-21/arch-arm/usr -I/usr/local/opt/android-sdk/ndk-bundle/platforms/android-21/arch-arm/usr/include -fPIE -pie -I/usr/local/opt/android-sdk/ndk-bundle/sources/android/support/include -fPIE -pie conftest.c >&5
configure:9100: $? = 0
configure:9100: result: yes
configure:9100: checking for stdint.h
configure:9100: /usr/local/opt/android-sdk/ndk-bundle/toolchains/arm-linux-androideabi-4.9/prebuilt/darwin-x86_64/bin/arm-linux-androideabi-gcc -c --sysroot=/usr/local/opt/android-sdk/ndk-bundle/platforms/android-21/arch-arm/usr -I/usr/local/opt/android-sdk/ndk-bundle/platforms/android-21/arch-arm/usr/include -fPIE -pie -I/usr/local/opt/android-sdk/ndk-bundle/sources/android/support/include --sysroot=/usr/local/opt/android-sdk/ndk-bundle/platforms/android-21/arch-arm/usr -I/usr/local/opt/android-sdk/ndk-bundle/platforms/android-21/arch-arm/usr/include -fPIE -pie -I/usr/local/opt/android-sdk/ndk-bundle/sources/android/support/include -fPIE -pie conftest.c >&5
configure:9100: $? = 0
configure:9100: result: yes
configure:9100: checking for unistd.h
configure:9100: /usr/local/opt/android-sdk/ndk-bundle/toolchains/arm-linux-androideabi-4.9/prebuilt/darwin-x86_64/bin/arm-linux-androideabi-gcc -c --sysroot=/usr/local/opt/android-sdk/ndk-bundle/platforms/android-21/arch-arm/usr -I/usr/local/opt/android-sdk/ndk-bundle/platforms/android-21/arch-arm/usr/include -fPIE -pie -I/usr/local/opt/android-sdk/ndk-bundle/sources/android/support/include --sysroot=/usr/local/opt/android-sdk/ndk-bundle/platforms/android-21/arch-arm/usr -I/usr/local/opt/android-sdk/ndk-bundle/platforms/android-21/arch-arm/usr/include -fPIE -pie -I/usr/local/opt/android-sdk/ndk-bundle/sources/android/support/include -fPIE -pie conftest.c >&5
configure:9100: $? = 0
configure:9100: result: yes
configure:9114: checking for dlfcn.h
configure:9114: /usr/local/opt/android-sdk/ndk-bundle/toolchains/arm-linux-androideabi-4.9/prebuilt/darwin-x86_64/bin/arm-linux-androideabi-gcc -c --sysroot=/usr/local/opt/android-sdk/ndk-bundle/platforms/android-21/arch-arm/usr -I/usr/local/opt/android-sdk/ndk-bundle/platforms/android-21/arch-arm/usr/include -fPIE -pie -I/usr/local/opt/android-sdk/ndk-bundle/sources/android/support/include --sysroot=/usr/local/opt/android-sdk/ndk-bundle/platforms/android-21/arch-arm/usr -I/usr/local/opt/android-sdk/ndk-bundle/platforms/android-21/arch-arm/usr/include -fPIE -pie -I/usr/local/opt/android-sdk/ndk-bundle/sources/android/support/include -fPIE -pie conftest.c >&5
configure:9114: $? = 0
configure:9114: result: yes
configure:9370: checking for objdir
configure:9385: result: .libs
configure:9645: checking if /usr/local/opt/android-sdk/ndk-bundle/toolchains/arm-linux-androideabi-4.9/prebuilt/darwin-x86_64/bin/arm-linux-androideabi-gcc supports -fno-rtti -fno-exceptions
configure:9663: /usr/local/opt/android-sdk/ndk-bundle/toolchains/arm-linux-androideabi-4.9/prebuilt/darwin-x86_64/bin/arm-linux-androideabi-gcc -c --sysroot=/usr/local/opt/android-sdk/ndk-bundle/platforms/android-21/arch-arm/usr -I/usr/local/opt/android-sdk/ndk-bundle/platforms/android-21/arch-arm/usr/include -fPIE -pie -I/usr/local/opt/android-sdk/ndk-bundle/sources/android/support/include --sysroot=/usr/local/opt/android-sdk/ndk-bundle/platforms/android-21/arch-arm/usr -I/usr/local/opt/android-sdk/ndk-bundle/platforms/android-21/arch-arm/usr/include -fPIE -pie -I/usr/local/opt/android-sdk/ndk-bundle/sources/android/support/include -fPIE -pie -fno-rtti -fno-exceptions conftest.c >&5
cc1: warning: command line option '-fno-rtti' is valid for C++/ObjC++ but not for C
configure:9667: $? = 0
configure:9680: result: no
configure:10038: checking for /usr/local/opt/android-sdk/ndk-bundle/toolchains/arm-linux-androideabi-4.9/prebuilt/darwin-x86_64/bin/arm-linux-androideabi-gcc option to produce PIC
configure:10045: result: -fPIC -DPIC
configure:10053: checking if /usr/local/opt/android-sdk/ndk-bundle/toolchains/arm-linux-androideabi-4.9/prebuilt/darwin-x86_64/bin/arm-linux-androideabi-gcc PIC flag -fPIC -DPIC works
configure:10071: /usr/local/opt/android-sdk/ndk-bundle/toolchains/arm-linux-androideabi-4.9/prebuilt/darwin-x86_64/bin/arm-linux-androideabi-gcc -c --sysroot=/usr/local/opt/android-sdk/ndk-bundle/platforms/android-21/arch-arm/usr -I/usr/local/opt/android-sdk/ndk-bundle/platforms/android-21/arch-arm/usr/include -fPIE -pie -I/usr/local/opt/android-sdk/ndk-bundle/sources/android/support/include --sysroot=/usr/local/opt/android-sdk/ndk-bundle/platforms/android-21/arch-arm/usr -I/usr/local/opt/android-sdk/ndk-bundle/platforms/android-21/arch-arm/usr/include -fPIE -pie -I/usr/local/opt/android-sdk/ndk-bundle/sources/android/support/include -fPIE -pie -fPIC -DPIC -DPIC conftest.c >&5
configure:10075: $? = 0
configure:10088: result: yes
configure:10117: checking if /usr/local/opt/android-sdk/ndk-bundle/toolchains/arm-linux-androideabi-4.9/prebuilt/darwin-x86_64/bin/arm-linux-androideabi-gcc static flag -static works
configure:10145: result: yes
configure:10160: checking if /usr/local/opt/android-sdk/ndk-bundle/toolchains/arm-linux-androideabi-4.9/prebuilt/darwin-x86_64/bin/arm-linux-androideabi-gcc supports -c -o file.o
configure:10181: /usr/local/opt/android-sdk/ndk-bundle/toolchains/arm-linux-androideabi-4.9/prebuilt/darwin-x86_64/bin/arm-linux-androideabi-gcc -c --sysroot=/usr/local/opt/android-sdk/ndk-bundle/platforms/android-21/arch-arm/usr -I/usr/local/opt/android-sdk/ndk-bundle/platforms/android-21/arch-arm/usr/include -fPIE -pie -I/usr/local/opt/android-sdk/ndk-bundle/sources/android/support/include --sysroot=/usr/local/opt/android-sdk/ndk-bundle/platforms/android-21/arch-arm/usr -I/usr/local/opt/android-sdk/ndk-bundle/platforms/android-21/arch-arm/usr/include -fPIE -pie -I/usr/local/opt/android-sdk/ndk-bundle/sources/android/support/include -fPIE -pie -o out/conftest2.o conftest.c >&5
configure:10185: $? = 0
configure:10207: result: yes
configure:10215: checking if /usr/local/opt/android-sdk/ndk-bundle/toolchains/arm-linux-androideabi-4.9/prebuilt/darwin-x86_64/bin/arm-linux-androideabi-gcc supports -c -o file.o
configure:10262: result: yes
configure:10295: checking whether the /usr/local/opt/android-sdk/ndk-bundle/toolchains/arm-linux-androideabi-4.9/prebuilt/darwin-x86_64/bin/arm-linux-androideabi-gcc linker (/usr/local/opt/android-sdk/ndk-bundle/toolchains/arm-linux-androideabi-4.9/prebuilt/darwin-x86_64/bin/arm-linux-androideabi-ld) supports shared libraries
configure:11554: result: yes
configure:11591: checking whether -lc should be explicitly linked in
configure:11599: /usr/local/opt/android-sdk/ndk-bundle/toolchains/arm-linux-androideabi-4.9/prebuilt/darwin-x86_64/bin/arm-linux-androideabi-gcc -c --sysroot=/usr/local/opt/android-sdk/ndk-bundle/platforms/android-21/arch-arm/usr -I/usr/local/opt/android-sdk/ndk-bundle/platforms/android-21/arch-arm/usr/include -fPIE -pie -I/usr/local/opt/android-sdk/ndk-bundle/sources/android/support/include --sysroot=/usr/local/opt/android-sdk/ndk-bundle/platforms/android-21/arch-arm/usr -I/usr/local/opt/android-sdk/ndk-bundle/platforms/android-21/arch-arm/usr/include -fPIE -pie -I/usr/local/opt/android-sdk/ndk-bundle/sources/android/support/include -fPIE -pie conftest.c >&5
configure:11602: $? = 0
configure:11617: /usr/local/opt/android-sdk/ndk-bundle/toolchains/arm-linux-androideabi-4.9/prebuilt/darwin-x86_64/bin/arm-linux-androideabi-gcc -shared  -fPIC -DPIC conftest.o  -v -Wl,-soname -Wl,conftest -o conftest 2\>\&1 \| /usr/bin/grep  -lc  \>/dev/null 2\>\&1
configure:11620: $? = 0
configure:11634: result: no
configure:11794: checking dynamic linker characteristics
configure:12612: result: no
configure:12734: checking how to hardcode library paths into programs
configure:12759: result: immediate
configure:13307: checking whether stripping libraries is possible
configure:13312: result: yes
configure:13347: checking if libtool supports shared libraries
configure:13349: result: no
configure:13352: checking whether to build shared libraries
configure:13377: result: no
configure:13380: checking whether to build static libraries
configure:13384: result: yes
configure:13421: checking whether ln -s works
configure:13425: result: yes
configure:13453: checking for arm-eabi-pkg-config
configure:13486: result: no
configure:13496: checking for pkg-config
configure:13514: found /usr/local/bin/pkg-config
configure:13526: result: /usr/local/bin/pkg-config
configure:13538: WARNING: using cross tools not prefixed with host triplet
configure:13551: checking pkg-config is at least version 0.9.0
configure:13554: result: yes
configure:13595: checking size of size_t
configure:13600: /usr/local/opt/android-sdk/ndk-bundle/toolchains/arm-linux-androideabi-4.9/prebuilt/darwin-x86_64/bin/arm-linux-androideabi-gcc -c --sysroot=/usr/local/opt/android-sdk/ndk-bundle/platforms/android-21/arch-arm/usr -I/usr/local/opt/android-sdk/ndk-bundle/platforms/android-21/arch-arm/usr/include -fPIE -pie -I/usr/local/opt/android-sdk/ndk-bundle/sources/android/support/include --sysroot=/usr/local/opt/android-sdk/ndk-bundle/platforms/android-21/arch-arm/usr -I/usr/local/opt/android-sdk/ndk-bundle/platforms/android-21/arch-arm/usr/include -fPIE -pie -I/usr/local/opt/android-sdk/ndk-bundle/sources/android/support/include -fPIE -pie conftest.c >&5
configure:13600: $? = 0
configure:13600: /usr/local/opt/android-sdk/ndk-bundle/toolchains/arm-linux-androideabi-4.9/prebuilt/darwin-x86_64/bin/arm-linux-androideabi-gcc -c --sysroot=/usr/local/opt/android-sdk/ndk-bundle/platforms/android-21/arch-arm/usr -I/usr/local/opt/android-sdk/ndk-bundle/platforms/android-21/arch-arm/usr/include -fPIE -pie -I/usr/local/opt/android-sdk/ndk-bundle/sources/android/support/include --sysroot=/usr/local/opt/android-sdk/ndk-bundle/platforms/android-21/arch-arm/usr -I/usr/local/opt/android-sdk/ndk-bundle/platforms/android-21/arch-arm/usr/include -fPIE -pie -I/usr/local/opt/android-sdk/ndk-bundle/sources/android/support/include -fPIE -pie conftest.c >&5
conftest.c: In function 'main':
conftest.c:59:12: error: size of array 'test_array' is negative
 static int test_array [1 - 2 * !(((long int) (sizeof (size_t))) <= 0)];
            ^
configure:13600: $? = 1
configure: failed program was:
| /* confdefs.h */
| #define PACKAGE_NAME "libjpeg-turbo"
| #define PACKAGE_TARNAME "libjpeg-turbo"
| #define PACKAGE_VERSION "1.5.2"
| #define PACKAGE_STRING "libjpeg-turbo 1.5.2"
| #define PACKAGE_BUGREPORT ""
| #define PACKAGE_URL ""
| #define PACKAGE "libjpeg-turbo"
| #define VERSION "1.5.2"
| #define STDC_HEADERS 1
| #define HAVE_SYS_TYPES_H 1
| #define HAVE_SYS_STAT_H 1
| #define HAVE_STDLIB_H 1
| #define HAVE_STRING_H 1
| #define HAVE_MEMORY_H 1
| #define HAVE_STRINGS_H 1
| #define HAVE_INTTYPES_H 1
| #define HAVE_STDINT_H 1
| #define HAVE_UNISTD_H 1
| #define HAVE_DLFCN_H 1
| #define LT_OBJDIR ".libs/"
| /* end confdefs.h.  */
| #include <stdio.h>
| #ifdef HAVE_SYS_TYPES_H
| # include <sys/types.h>
| #endif
| #ifdef HAVE_SYS_STAT_H
| # include <sys/stat.h>
| #endif
| #ifdef STDC_HEADERS
| # include <stdlib.h>
| # include <stddef.h>
| #else
| # ifdef HAVE_STDLIB_H
| #  include <stdlib.h>
| # endif
| #endif
| #ifdef HAVE_STRING_H
| # if !defined STDC_HEADERS && defined HAVE_MEMORY_H
| #  include <memory.h>
| # endif
| # include <string.h>
| #endif
| #ifdef HAVE_STRINGS_H
| # include <strings.h>
| #endif
| #ifdef HAVE_INTTYPES_H
| # include <inttypes.h>
| #endif
| #ifdef HAVE_STDINT_H
| # include <stdint.h>
| #endif
| #ifdef HAVE_UNISTD_H
| # include <unistd.h>
| #endif
| int
| main ()
| {
| static int test_array [1 - 2 * !(((long int) (sizeof (size_t))) <= 0)];
| test_array [0] = 0;
| return test_array [0];
| 
|   ;
|   return 0;
| }
configure:13600: /usr/local/opt/android-sdk/ndk-bundle/toolchains/arm-linux-androideabi-4.9/prebuilt/darwin-x86_64/bin/arm-linux-androideabi-gcc -c --sysroot=/usr/local/opt/android-sdk/ndk-bundle/platforms/android-21/arch-arm/usr -I/usr/local/opt/android-sdk/ndk-bundle/platforms/android-21/arch-arm/usr/include -fPIE -pie -I/usr/local/opt/android-sdk/ndk-bundle/sources/android/support/include --sysroot=/usr/local/opt/android-sdk/ndk-bundle/platforms/android-21/arch-arm/usr -I/usr/local/opt/android-sdk/ndk-bundle/platforms/android-21/arch-arm/usr/include -fPIE -pie -I/usr/local/opt/android-sdk/ndk-bundle/sources/android/support/include -fPIE -pie conftest.c >&5
conftest.c: In function 'main':
conftest.c:59:12: error: size of array 'test_array' is negative
 static int test_array [1 - 2 * !(((long int) (sizeof (size_t))) <= 1)];
            ^
configure:13600: $? = 1
configure: failed program was:
| /* confdefs.h */
| #define PACKAGE_NAME "libjpeg-turbo"
| #define PACKAGE_TARNAME "libjpeg-turbo"
| #define PACKAGE_VERSION "1.5.2"
| #define PACKAGE_STRING "libjpeg-turbo 1.5.2"
| #define PACKAGE_BUGREPORT ""
| #define PACKAGE_URL ""
| #define PACKAGE "libjpeg-turbo"
| #define VERSION "1.5.2"
| #define STDC_HEADERS 1
| #define HAVE_SYS_TYPES_H 1
| #define HAVE_SYS_STAT_H 1
| #define HAVE_STDLIB_H 1
| #define HAVE_STRING_H 1
| #define HAVE_MEMORY_H 1
| #define HAVE_STRINGS_H 1
| #define HAVE_INTTYPES_H 1
| #define HAVE_STDINT_H 1
| #define HAVE_UNISTD_H 1
| #define HAVE_DLFCN_H 1
| #define LT_OBJDIR ".libs/"
| /* end confdefs.h.  */
| #include <stdio.h>
| #ifdef HAVE_SYS_TYPES_H
| # include <sys/types.h>
| #endif
| #ifdef HAVE_SYS_STAT_H
| # include <sys/stat.h>
| #endif
| #ifdef STDC_HEADERS
| # include <stdlib.h>
| # include <stddef.h>
| #else
| # ifdef HAVE_STDLIB_H
| #  include <stdlib.h>
| # endif
| #endif
| #ifdef HAVE_STRING_H
| # if !defined STDC_HEADERS && defined HAVE_MEMORY_H
| #  include <memory.h>
| # endif
| # include <string.h>
| #endif
| #ifdef HAVE_STRINGS_H
| # include <strings.h>
| #endif
| #ifdef HAVE_INTTYPES_H
| # include <inttypes.h>
| #endif
| #ifdef HAVE_STDINT_H
| # include <stdint.h>
| #endif
| #ifdef HAVE_UNISTD_H
| # include <unistd.h>
| #endif
| int
| main ()
| {
| static int test_array [1 - 2 * !(((long int) (sizeof (size_t))) <= 1)];
| test_array [0] = 0;
| return test_array [0];
| 
|   ;
|   return 0;
| }
configure:13600: /usr/local/opt/android-sdk/ndk-bundle/toolchains/arm-linux-androideabi-4.9/prebuilt/darwin-x86_64/bin/arm-linux-androideabi-gcc -c --sysroot=/usr/local/opt/android-sdk/ndk-bundle/platforms/android-21/arch-arm/usr -I/usr/local/opt/android-sdk/ndk-bundle/platforms/android-21/arch-arm/usr/include -fPIE -pie -I/usr/local/opt/android-sdk/ndk-bundle/sources/android/support/include --sysroot=/usr/local/opt/android-sdk/ndk-bundle/platforms/android-21/arch-arm/usr -I/usr/local/opt/android-sdk/ndk-bundle/platforms/android-21/arch-arm/usr/include -fPIE -pie -I/usr/local/opt/android-sdk/ndk-bundle/sources/android/support/include -fPIE -pie conftest.c >&5
conftest.c: In function 'main':
conftest.c:59:12: error: size of array 'test_array' is negative
 static int test_array [1 - 2 * !(((long int) (sizeof (size_t))) <= 3)];
            ^
configure:13600: $? = 1
configure: failed program was:
| /* confdefs.h */
| #define PACKAGE_NAME "libjpeg-turbo"
| #define PACKAGE_TARNAME "libjpeg-turbo"
| #define PACKAGE_VERSION "1.5.2"
| #define PACKAGE_STRING "libjpeg-turbo 1.5.2"
| #define PACKAGE_BUGREPORT ""
| #define PACKAGE_URL ""
| #define PACKAGE "libjpeg-turbo"
| #define VERSION "1.5.2"
| #define STDC_HEADERS 1
| #define HAVE_SYS_TYPES_H 1
| #define HAVE_SYS_STAT_H 1
| #define HAVE_STDLIB_H 1
| #define HAVE_STRING_H 1
| #define HAVE_MEMORY_H 1
| #define HAVE_STRINGS_H 1
| #define HAVE_INTTYPES_H 1
| #define HAVE_STDINT_H 1
| #define HAVE_UNISTD_H 1
| #define HAVE_DLFCN_H 1
| #define LT_OBJDIR ".libs/"
| /* end confdefs.h.  */
| #include <stdio.h>
| #ifdef HAVE_SYS_TYPES_H
| # include <sys/types.h>
| #endif
| #ifdef HAVE_SYS_STAT_H
| # include <sys/stat.h>
| #endif
| #ifdef STDC_HEADERS
| # include <stdlib.h>
| # include <stddef.h>
| #else
| # ifdef HAVE_STDLIB_H
| #  include <stdlib.h>
| # endif
| #endif
| #ifdef HAVE_STRING_H
| # if !defined STDC_HEADERS && defined HAVE_MEMORY_H
| #  include <memory.h>
| # endif
| # include <string.h>
| #endif
| #ifdef HAVE_STRINGS_H
| # include <strings.h>
| #endif
| #ifdef HAVE_INTTYPES_H
| # include <inttypes.h>
| #endif
| #ifdef HAVE_STDINT_H
| # include <stdint.h>
| #endif
| #ifdef HAVE_UNISTD_H
| # include <unistd.h>
| #endif
| int
| main ()
| {
| static int test_array [1 - 2 * !(((long int) (sizeof (size_t))) <= 3)];
| test_array [0] = 0;
| return test_array [0];
| 
|   ;
|   return 0;
| }
configure:13600: /usr/local/opt/android-sdk/ndk-bundle/toolchains/arm-linux-androideabi-4.9/prebuilt/darwin-x86_64/bin/arm-linux-androideabi-gcc -c --sysroot=/usr/local/opt/android-sdk/ndk-bundle/platforms/android-21/arch-arm/usr -I/usr/local/opt/android-sdk/ndk-bundle/platforms/android-21/arch-arm/usr/include -fPIE -pie -I/usr/local/opt/android-sdk/ndk-bundle/sources/android/support/include --sysroot=/usr/local/opt/android-sdk/ndk-bundle/platforms/android-21/arch-arm/usr -I/usr/local/opt/android-sdk/ndk-bundle/platforms/android-21/arch-arm/usr/include -fPIE -pie -I/usr/local/opt/android-sdk/ndk-bundle/sources/android/support/include -fPIE -pie conftest.c >&5
configure:13600: $? = 0
configure:13600: /usr/local/opt/android-sdk/ndk-bundle/toolchains/arm-linux-androideabi-4.9/prebuilt/darwin-x86_64/bin/arm-linux-androideabi-gcc -c --sysroot=/usr/local/opt/android-sdk/ndk-bundle/platforms/android-21/arch-arm/usr -I/usr/local/opt/android-sdk/ndk-bundle/platforms/android-21/arch-arm/usr/include -fPIE -pie -I/usr/local/opt/android-sdk/ndk-bundle/sources/android/support/include --sysroot=/usr/local/opt/android-sdk/ndk-bundle/platforms/android-21/arch-arm/usr -I/usr/local/opt/android-sdk/ndk-bundle/platforms/android-21/arch-arm/usr/include -fPIE -pie -I/usr/local/opt/android-sdk/ndk-bundle/sources/android/support/include -fPIE -pie conftest.c >&5
configure:13600: $? = 0
configure:13600: /usr/local/opt/android-sdk/ndk-bundle/toolchains/arm-linux-androideabi-4.9/prebuilt/darwin-x86_64/bin/arm-linux-androideabi-gcc -c --sysroot=/usr/local/opt/android-sdk/ndk-bundle/platforms/android-21/arch-arm/usr -I/usr/local/opt/android-sdk/ndk-bundle/platforms/android-21/arch-arm/usr/include -fPIE -pie -I/usr/local/opt/android-sdk/ndk-bundle/sources/android/support/include --sysroot=/usr/local/opt/android-sdk/ndk-bundle/platforms/android-21/arch-arm/usr -I/usr/local/opt/android-sdk/ndk-bundle/platforms/android-21/arch-arm/usr/include -fPIE -pie -I/usr/local/opt/android-sdk/ndk-bundle/sources/android/support/include -fPIE -pie conftest.c >&5
configure:13600: $? = 0
configure:13614: result: 4
configure:13646: checking whether compiler supports pointers to undefined structures
configure:13659: /usr/local/opt/android-sdk/ndk-bundle/toolchains/arm-linux-androideabi-4.9/prebuilt/darwin-x86_64/bin/arm-linux-androideabi-gcc -c --sysroot=/usr/local/opt/android-sdk/ndk-bundle/platforms/android-21/arch-arm/usr -I/usr/local/opt/android-sdk/ndk-bundle/platforms/android-21/arch-arm/usr/include -fPIE -pie -I/usr/local/opt/android-sdk/ndk-bundle/sources/android/support/include --sysroot=/usr/local/opt/android-sdk/ndk-bundle/platforms/android-21/arch-arm/usr -I/usr/local/opt/android-sdk/ndk-bundle/platforms/android-21/arch-arm/usr/include -fPIE -pie -I/usr/local/opt/android-sdk/ndk-bundle/sources/android/support/include -fPIE -pie conftest.c >&5
configure:13659: $? = 0
configure:13660: result: yes
configure:13680: checking whether __SUNPRO_C is declared
configure:13680: /usr/local/opt/android-sdk/ndk-bundle/toolchains/arm-linux-androideabi-4.9/prebuilt/darwin-x86_64/bin/arm-linux-androideabi-gcc -c --sysroot=/usr/local/opt/android-sdk/ndk-bundle/platforms/android-21/arch-arm/usr -I/usr/local/opt/android-sdk/ndk-bundle/platforms/android-21/arch-arm/usr/include -fPIE -pie -I/usr/local/opt/android-sdk/ndk-bundle/sources/android/support/include --sysroot=/usr/local/opt/android-sdk/ndk-bundle/platforms/android-21/arch-arm/usr -I/usr/local/opt/android-sdk/ndk-bundle/platforms/android-21/arch-arm/usr/include -fPIE -pie -I/usr/local/opt/android-sdk/ndk-bundle/sources/android/support/include -fPIE -pie conftest.c >&5
conftest.c: In function 'main':
conftest.c:64:10: error: '__SUNPRO_C' undeclared (first use in this function)
   (void) __SUNPRO_C;
          ^
conftest.c:64:10: note: each undeclared identifier is reported only once for each function it appears in
configure:13680: $? = 1
configure: failed program was:
| /* confdefs.h */
| #define PACKAGE_NAME "libjpeg-turbo"
| #define PACKAGE_TARNAME "libjpeg-turbo"
| #define PACKAGE_VERSION "1.5.2"
| #define PACKAGE_STRING "libjpeg-turbo 1.5.2"
| #define PACKAGE_BUGREPORT ""
| #define PACKAGE_URL ""
| #define PACKAGE "libjpeg-turbo"
| #define VERSION "1.5.2"
| #define STDC_HEADERS 1
| #define HAVE_SYS_TYPES_H 1
| #define HAVE_SYS_STAT_H 1
| #define HAVE_STDLIB_H 1
| #define HAVE_STRING_H 1
| #define HAVE_MEMORY_H 1
| #define HAVE_STRINGS_H 1
| #define HAVE_INTTYPES_H 1
| #define HAVE_STDINT_H 1
| #define HAVE_UNISTD_H 1
| #define HAVE_DLFCN_H 1
| #define LT_OBJDIR ".libs/"
| #define SIZEOF_SIZE_T 4
| /* end confdefs.h.  */
| #include <stdio.h>
| #ifdef HAVE_SYS_TYPES_H
| # include <sys/types.h>
| #endif
| #ifdef HAVE_SYS_STAT_H
| # include <sys/stat.h>
| #endif
| #ifdef STDC_HEADERS
| # include <stdlib.h>
| # include <stddef.h>
| #else
| # ifdef HAVE_STDLIB_H
| #  include <stdlib.h>
| # endif
| #endif
| #ifdef HAVE_STRING_H
| # if !defined STDC_HEADERS && defined HAVE_MEMORY_H
| #  include <memory.h>
| # endif
| # include <string.h>
| #endif
| #ifdef HAVE_STRINGS_H
| # include <strings.h>
| #endif
| #ifdef HAVE_INTTYPES_H
| # include <inttypes.h>
| #endif
| #ifdef HAVE_STDINT_H
| # include <stdint.h>
| #endif
| #ifdef HAVE_UNISTD_H
| # include <unistd.h>
| #endif
| int
| main ()
| {
| #ifndef __SUNPRO_C
| #ifdef __cplusplus
|   (void) __SUNPRO_C;
| #else
|   (void) __SUNPRO_C;
| #endif
| #endif
| 
|   ;
|   return 0;
| }
configure:13680: result: no
configure:13696: checking for ANSI C header files
configure:13800: result: yes
configure:13811: checking stddef.h usability
configure:13811: /usr/local/opt/android-sdk/ndk-bundle/toolchains/arm-linux-androideabi-4.9/prebuilt/darwin-x86_64/bin/arm-linux-androideabi-gcc -c --sysroot=/usr/local/opt/android-sdk/ndk-bundle/platforms/android-21/arch-arm/usr -I/usr/local/opt/android-sdk/ndk-bundle/platforms/android-21/arch-arm/usr/include -fPIE -pie -I/usr/local/opt/android-sdk/ndk-bundle/sources/android/support/include --sysroot=/usr/local/opt/android-sdk/ndk-bundle/platforms/android-21/arch-arm/usr -I/usr/local/opt/android-sdk/ndk-bundle/platforms/android-21/arch-arm/usr/include -fPIE -pie -I/usr/local/opt/android-sdk/ndk-bundle/sources/android/support/include -fPIE -pie conftest.c >&5
configure:13811: $? = 0
configure:13811: result: yes
configure:13811: checking stddef.h presence
configure:13811: /usr/local/opt/android-sdk/ndk-bundle/toolchains/arm-linux-androideabi-4.9/prebuilt/darwin-x86_64/bin/arm-linux-androideabi-cpp --sysroot=/usr/local/opt/android-sdk/ndk-bundle/platforms/android-21/arch-arm/usr -I/usr/local/opt/android-sdk/ndk-bundle/platforms/android-21/arch-arm/usr/include -fPIE -pie -I/usr/local/opt/android-sdk/ndk-bundle/sources/android/support/include -fPIE -pie conftest.c
configure:13811: $? = 0
configure:13811: result: yes
configure:13811: checking for stddef.h
configure:13811: result: yes
configure:13811: checking for stdlib.h
configure:13811: result: yes
configure:13811: checking locale.h usability
configure:13811: /usr/local/opt/android-sdk/ndk-bundle/toolchains/arm-linux-androideabi-4.9/prebuilt/darwin-x86_64/bin/arm-linux-androideabi-gcc -c --sysroot=/usr/local/opt/android-sdk/ndk-bundle/platforms/android-21/arch-arm/usr -I/usr/local/opt/android-sdk/ndk-bundle/platforms/android-21/arch-arm/usr/include -fPIE -pie -I/usr/local/opt/android-sdk/ndk-bundle/sources/android/support/include --sysroot=/usr/local/opt/android-sdk/ndk-bundle/platforms/android-21/arch-arm/usr -I/usr/local/opt/android-sdk/ndk-bundle/platforms/android-21/arch-arm/usr/include -fPIE -pie -I/usr/local/opt/android-sdk/ndk-bundle/sources/android/support/include -fPIE -pie conftest.c >&5
configure:13811: $? = 0
configure:13811: result: yes
configure:13811: checking locale.h presence
configure:13811: /usr/local/opt/android-sdk/ndk-bundle/toolchains/arm-linux-androideabi-4.9/prebuilt/darwin-x86_64/bin/arm-linux-androideabi-cpp --sysroot=/usr/local/opt/android-sdk/ndk-bundle/platforms/android-21/arch-arm/usr -I/usr/local/opt/android-sdk/ndk-bundle/platforms/android-21/arch-arm/usr/include -fPIE -pie -I/usr/local/opt/android-sdk/ndk-bundle/sources/android/support/include -fPIE -pie conftest.c
configure:13811: $? = 0
configure:13811: result: yes
configure:13811: checking for locale.h
configure:13811: result: yes
configure:13811: checking for string.h
configure:13811: result: yes
configure:13821: checking for sys/types.h
configure:13821: result: yes
configure:13831: checking for an ANSI C-conforming const
configure:13897: /usr/local/opt/android-sdk/ndk-bundle/toolchains/arm-linux-androideabi-4.9/prebuilt/darwin-x86_64/bin/arm-linux-androideabi-gcc -c --sysroot=/usr/local/opt/android-sdk/ndk-bundle/platforms/android-21/arch-arm/usr -I/usr/local/opt/android-sdk/ndk-bundle/platforms/android-21/arch-arm/usr/include -fPIE -pie -I/usr/local/opt/android-sdk/ndk-bundle/sources/android/support/include --sysroot=/usr/local/opt/android-sdk/ndk-bundle/platforms/android-21/arch-arm/usr -I/usr/local/opt/android-sdk/ndk-bundle/platforms/android-21/arch-arm/usr/include -fPIE -pie -I/usr/local/opt/android-sdk/ndk-bundle/sources/android/support/include -fPIE -pie conftest.c >&5
configure:13897: $? = 0
configure:13904: result: yes
configure:13912: checking whether char is unsigned
configure:13931: /usr/local/opt/android-sdk/ndk-bundle/toolchains/arm-linux-androideabi-4.9/prebuilt/darwin-x86_64/bin/arm-linux-androideabi-gcc -c --sysroot=/usr/local/opt/android-sdk/ndk-bundle/platforms/android-21/arch-arm/usr -I/usr/local/opt/android-sdk/ndk-bundle/platforms/android-21/arch-arm/usr/include -fPIE -pie -I/usr/local/opt/android-sdk/ndk-bundle/sources/android/support/include --sysroot=/usr/local/opt/android-sdk/ndk-bundle/platforms/android-21/arch-arm/usr -I/usr/local/opt/android-sdk/ndk-bundle/platforms/android-21/arch-arm/usr/include -fPIE -pie -I/usr/local/opt/android-sdk/ndk-bundle/sources/android/support/include -fPIE -pie conftest.c >&5
conftest.c: In function 'main':
conftest.c:66:12: error: size of array 'test_array' is negative
 static int test_array [1 - 2 * !(((char) -1) < 0)];
            ^
configure:13931: $? = 1
configure: failed program was:
| /* confdefs.h */
| #define PACKAGE_NAME "libjpeg-turbo"
| #define PACKAGE_TARNAME "libjpeg-turbo"
| #define PACKAGE_VERSION "1.5.2"
| #define PACKAGE_STRING "libjpeg-turbo 1.5.2"
| #define PACKAGE_BUGREPORT ""
| #define PACKAGE_URL ""
| #define PACKAGE "libjpeg-turbo"
| #define VERSION "1.5.2"
| #define STDC_HEADERS 1
| #define HAVE_SYS_TYPES_H 1
| #define HAVE_SYS_STAT_H 1
| #define HAVE_STDLIB_H 1
| #define HAVE_STRING_H 1
| #define HAVE_MEMORY_H 1
| #define HAVE_STRINGS_H 1
| #define HAVE_INTTYPES_H 1
| #define HAVE_STDINT_H 1
| #define HAVE_UNISTD_H 1
| #define HAVE_DLFCN_H 1
| #define LT_OBJDIR ".libs/"
| #define SIZEOF_SIZE_T 4
| #define STDC_HEADERS 1
| #define HAVE_STDDEF_H 1
| #define HAVE_STDLIB_H 1
| #define HAVE_LOCALE_H 1
| #define HAVE_STRING_H 1
| #define NEED_SYS_TYPES_H 1
| /* end confdefs.h.  */
| #include <stdio.h>
| #ifdef HAVE_SYS_TYPES_H
| # include <sys/types.h>
| #endif
| #ifdef HAVE_SYS_STAT_H
| # include <sys/stat.h>
| #endif
| #ifdef STDC_HEADERS
| # include <stdlib.h>
| # include <stddef.h>
| #else
| # ifdef HAVE_STDLIB_H
| #  include <stdlib.h>
| # endif
| #endif
| #ifdef HAVE_STRING_H
| # if !defined STDC_HEADERS && defined HAVE_MEMORY_H
| #  include <memory.h>
| # endif
| # include <string.h>
| #endif
| #ifdef HAVE_STRINGS_H
| # include <strings.h>
| #endif
| #ifdef HAVE_INTTYPES_H
| # include <inttypes.h>
| #endif
| #ifdef HAVE_STDINT_H
| # include <stdint.h>
| #endif
| #ifdef HAVE_UNISTD_H
| # include <unistd.h>
| #endif
| int
| main ()
| {
| static int test_array [1 - 2 * !(((char) -1) < 0)];
| test_array [0] = 0;
| return test_array [0];
| 
|   ;
|   return 0;
| }
configure:13938: result: yes
configure:13945: checking for inline
configure:13961: /usr/local/opt/android-sdk/ndk-bundle/toolchains/arm-linux-androideabi-4.9/prebuilt/darwin-x86_64/bin/arm-linux-androideabi-gcc -c --sysroot=/usr/local/opt/android-sdk/ndk-bundle/platforms/android-21/arch-arm/usr -I/usr/local/opt/android-sdk/ndk-bundle/platforms/android-21/arch-arm/usr/include -fPIE -pie -I/usr/local/opt/android-sdk/ndk-bundle/sources/android/support/include --sysroot=/usr/local/opt/android-sdk/ndk-bundle/platforms/android-21/arch-arm/usr -I/usr/local/opt/android-sdk/ndk-bundle/platforms/android-21/arch-arm/usr/include -fPIE -pie -I/usr/local/opt/android-sdk/ndk-bundle/sources/android/support/include -fPIE -pie conftest.c >&5
configure:13961: $? = 0
configure:13969: result: inline
configure:13987: checking for size_t
configure:13987: /usr/local/opt/android-sdk/ndk-bundle/toolchains/arm-linux-androideabi-4.9/prebuilt/darwin-x86_64/bin/arm-linux-androideabi-gcc -c --sysroot=/usr/local/opt/android-sdk/ndk-bundle/platforms/android-21/arch-arm/usr -I/usr/local/opt/android-sdk/ndk-bundle/platforms/android-21/arch-arm/usr/include -fPIE -pie -I/usr/local/opt/android-sdk/ndk-bundle/sources/android/support/include --sysroot=/usr/local/opt/android-sdk/ndk-bundle/platforms/android-21/arch-arm/usr -I/usr/local/opt/android-sdk/ndk-bundle/platforms/android-21/arch-arm/usr/include -fPIE -pie -I/usr/local/opt/android-sdk/ndk-bundle/sources/android/support/include -fPIE -pie conftest.c >&5
configure:13987: $? = 0
configure:13987: /usr/local/opt/android-sdk/ndk-bundle/toolchains/arm-linux-androideabi-4.9/prebuilt/darwin-x86_64/bin/arm-linux-androideabi-gcc -c --sysroot=/usr/local/opt/android-sdk/ndk-bundle/platforms/android-21/arch-arm/usr -I/usr/local/opt/android-sdk/ndk-bundle/platforms/android-21/arch-arm/usr/include -fPIE -pie -I/usr/local/opt/android-sdk/ndk-bundle/sources/android/support/include --sysroot=/usr/local/opt/android-sdk/ndk-bundle/platforms/android-21/arch-arm/usr -I/usr/local/opt/android-sdk/ndk-bundle/platforms/android-21/arch-arm/usr/include -fPIE -pie -I/usr/local/opt/android-sdk/ndk-bundle/sources/android/support/include -fPIE -pie conftest.c >&5
conftest.c: In function 'main':
conftest.c:66:21: error: expected expression before ')' token
 if (sizeof ((size_t)))
                     ^
configure:13987: $? = 1
configure: failed program was:
| /* confdefs.h */
| #define PACKAGE_NAME "libjpeg-turbo"
| #define PACKAGE_TARNAME "libjpeg-turbo"
| #define PACKAGE_VERSION "1.5.2"
| #define PACKAGE_STRING "libjpeg-turbo 1.5.2"
| #define PACKAGE_BUGREPORT ""
| #define PACKAGE_URL ""
| #define PACKAGE "libjpeg-turbo"
| #define VERSION "1.5.2"
| #define STDC_HEADERS 1
| #define HAVE_SYS_TYPES_H 1
| #define HAVE_SYS_STAT_H 1
| #define HAVE_STDLIB_H 1
| #define HAVE_STRING_H 1
| #define HAVE_MEMORY_H 1
| #define HAVE_STRINGS_H 1
| #define HAVE_INTTYPES_H 1
| #define HAVE_STDINT_H 1
| #define HAVE_UNISTD_H 1
| #define HAVE_DLFCN_H 1
| #define LT_OBJDIR ".libs/"
| #define SIZEOF_SIZE_T 4
| #define STDC_HEADERS 1
| #define HAVE_STDDEF_H 1
| #define HAVE_STDLIB_H 1
| #define HAVE_LOCALE_H 1
| #define HAVE_STRING_H 1
| #define NEED_SYS_TYPES_H 1
| /* end confdefs.h.  */
| #include <stdio.h>
| #ifdef HAVE_SYS_TYPES_H
| # include <sys/types.h>
| #endif
| #ifdef HAVE_SYS_STAT_H
| # include <sys/stat.h>
| #endif
| #ifdef STDC_HEADERS
| # include <stdlib.h>
| # include <stddef.h>
| #else
| # ifdef HAVE_STDLIB_H
| #  include <stdlib.h>
| # endif
| #endif
| #ifdef HAVE_STRING_H
| # if !defined STDC_HEADERS && defined HAVE_MEMORY_H
| #  include <memory.h>
| # endif
| # include <string.h>
| #endif
| #ifdef HAVE_STRINGS_H
| # include <strings.h>
| #endif
| #ifdef HAVE_INTTYPES_H
| # include <inttypes.h>
| #endif
| #ifdef HAVE_STDINT_H
| # include <stdint.h>
| #endif
| #ifdef HAVE_UNISTD_H
| # include <unistd.h>
| #endif
| int
| main ()
| {
| if (sizeof ((size_t)))
| 	    return 0;
|   ;
|   return 0;
| }
configure:13987: result: yes
configure:13998: checking for unsigned char
configure:13998: /usr/local/opt/android-sdk/ndk-bundle/toolchains/arm-linux-androideabi-4.9/prebuilt/darwin-x86_64/bin/arm-linux-androideabi-gcc -c --sysroot=/usr/local/opt/android-sdk/ndk-bundle/platforms/android-21/arch-arm/usr -I/usr/local/opt/android-sdk/ndk-bundle/platforms/android-21/arch-arm/usr/include -fPIE -pie -I/usr/local/opt/android-sdk/ndk-bundle/sources/android/support/include --sysroot=/usr/local/opt/android-sdk/ndk-bundle/platforms/android-21/arch-arm/usr -I/usr/local/opt/android-sdk/ndk-bundle/platforms/android-21/arch-arm/usr/include -fPIE -pie -I/usr/local/opt/android-sdk/ndk-bundle/sources/android/support/include -fPIE -pie conftest.c >&5
configure:13998: $? = 0
configure:13998: /usr/local/opt/android-sdk/ndk-bundle/toolchains/arm-linux-androideabi-4.9/prebuilt/darwin-x86_64/bin/arm-linux-androideabi-gcc -c --sysroot=/usr/local/opt/android-sdk/ndk-bundle/platforms/android-21/arch-arm/usr -I/usr/local/opt/android-sdk/ndk-bundle/platforms/android-21/arch-arm/usr/include -fPIE -pie -I/usr/local/opt/android-sdk/ndk-bundle/sources/android/support/include --sysroot=/usr/local/opt/android-sdk/ndk-bundle/platforms/android-21/arch-arm/usr -I/usr/local/opt/android-sdk/ndk-bundle/platforms/android-21/arch-arm/usr/include -fPIE -pie -I/usr/local/opt/android-sdk/ndk-bundle/sources/android/support/include -fPIE -pie conftest.c >&5
conftest.c: In function 'main':
conftest.c:66:28: error: expected expression before ')' token
 if (sizeof ((unsigned char)))
                            ^
configure:13998: $? = 1
configure: failed program was:
| /* confdefs.h */
| #define PACKAGE_NAME "libjpeg-turbo"
| #define PACKAGE_TARNAME "libjpeg-turbo"
| #define PACKAGE_VERSION "1.5.2"
| #define PACKAGE_STRING "libjpeg-turbo 1.5.2"
| #define PACKAGE_BUGREPORT ""
| #define PACKAGE_URL ""
| #define PACKAGE "libjpeg-turbo"
| #define VERSION "1.5.2"
| #define STDC_HEADERS 1
| #define HAVE_SYS_TYPES_H 1
| #define HAVE_SYS_STAT_H 1
| #define HAVE_STDLIB_H 1
| #define HAVE_STRING_H 1
| #define HAVE_MEMORY_H 1
| #define HAVE_STRINGS_H 1
| #define HAVE_INTTYPES_H 1
| #define HAVE_STDINT_H 1
| #define HAVE_UNISTD_H 1
| #define HAVE_DLFCN_H 1
| #define LT_OBJDIR ".libs/"
| #define SIZEOF_SIZE_T 4
| #define STDC_HEADERS 1
| #define HAVE_STDDEF_H 1
| #define HAVE_STDLIB_H 1
| #define HAVE_LOCALE_H 1
| #define HAVE_STRING_H 1
| #define NEED_SYS_TYPES_H 1
| /* end confdefs.h.  */
| #include <stdio.h>
| #ifdef HAVE_SYS_TYPES_H
| # include <sys/types.h>
| #endif
| #ifdef HAVE_SYS_STAT_H
| # include <sys/stat.h>
| #endif
| #ifdef STDC_HEADERS
| # include <stdlib.h>
| # include <stddef.h>
| #else
| # ifdef HAVE_STDLIB_H
| #  include <stdlib.h>
| # endif
| #endif
| #ifdef HAVE_STRING_H
| # if !defined STDC_HEADERS && defined HAVE_MEMORY_H
| #  include <memory.h>
| # endif
| # include <string.h>
| #endif
| #ifdef HAVE_STRINGS_H
| # include <strings.h>
| #endif
| #ifdef HAVE_INTTYPES_H
| # include <inttypes.h>
| #endif
| #ifdef HAVE_STDINT_H
| # include <stdint.h>
| #endif
| #ifdef HAVE_UNISTD_H
| # include <unistd.h>
| #endif
| int
| main ()
| {
| if (sizeof ((unsigned char)))
| 	    return 0;
|   ;
|   return 0;
| }
configure:13998: result: yes
configure:14007: checking for unsigned short
configure:14007: /usr/local/opt/android-sdk/ndk-bundle/toolchains/arm-linux-androideabi-4.9/prebuilt/darwin-x86_64/bin/arm-linux-androideabi-gcc -c --sysroot=/usr/local/opt/android-sdk/ndk-bundle/platforms/android-21/arch-arm/usr -I/usr/local/opt/android-sdk/ndk-bundle/platforms/android-21/arch-arm/usr/include -fPIE -pie -I/usr/local/opt/android-sdk/ndk-bundle/sources/android/support/include --sysroot=/usr/local/opt/android-sdk/ndk-bundle/platforms/android-21/arch-arm/usr -I/usr/local/opt/android-sdk/ndk-bundle/platforms/android-21/arch-arm/usr/include -fPIE -pie -I/usr/local/opt/android-sdk/ndk-bundle/sources/android/support/include -fPIE -pie conftest.c >&5
configure:14007: $? = 0
configure:14007: /usr/local/opt/android-sdk/ndk-bundle/toolchains/arm-linux-androideabi-4.9/prebuilt/darwin-x86_64/bin/arm-linux-androideabi-gcc -c --sysroot=/usr/local/opt/android-sdk/ndk-bundle/platforms/android-21/arch-arm/usr -I/usr/local/opt/android-sdk/ndk-bundle/platforms/android-21/arch-arm/usr/include -fPIE -pie -I/usr/local/opt/android-sdk/ndk-bundle/sources/android/support/include --sysroot=/usr/local/opt/android-sdk/ndk-bundle/platforms/android-21/arch-arm/usr -I/usr/local/opt/android-sdk/ndk-bundle/platforms/android-21/arch-arm/usr/include -fPIE -pie -I/usr/local/opt/android-sdk/ndk-bundle/sources/android/support/include -fPIE -pie conftest.c >&5
conftest.c: In function 'main':
conftest.c:67:29: error: expected expression before ')' token
 if (sizeof ((unsigned short)))
                             ^
configure:14007: $? = 1
configure: failed program was:
| /* confdefs.h */
| #define PACKAGE_NAME "libjpeg-turbo"
| #define PACKAGE_TARNAME "libjpeg-turbo"
| #define PACKAGE_VERSION "1.5.2"
| #define PACKAGE_STRING "libjpeg-turbo 1.5.2"
| #define PACKAGE_BUGREPORT ""
| #define PACKAGE_URL ""
| #define PACKAGE "libjpeg-turbo"
| #define VERSION "1.5.2"
| #define STDC_HEADERS 1
| #define HAVE_SYS_TYPES_H 1
| #define HAVE_SYS_STAT_H 1
| #define HAVE_STDLIB_H 1
| #define HAVE_STRING_H 1
| #define HAVE_MEMORY_H 1
| #define HAVE_STRINGS_H 1
| #define HAVE_INTTYPES_H 1
| #define HAVE_STDINT_H 1
| #define HAVE_UNISTD_H 1
| #define HAVE_DLFCN_H 1
| #define LT_OBJDIR ".libs/"
| #define SIZEOF_SIZE_T 4
| #define STDC_HEADERS 1
| #define HAVE_STDDEF_H 1
| #define HAVE_STDLIB_H 1
| #define HAVE_LOCALE_H 1
| #define HAVE_STRING_H 1
| #define NEED_SYS_TYPES_H 1
| #define HAVE_UNSIGNED_CHAR 1
| /* end confdefs.h.  */
| #include <stdio.h>
| #ifdef HAVE_SYS_TYPES_H
| # include <sys/types.h>
| #endif
| #ifdef HAVE_SYS_STAT_H
| # include <sys/stat.h>
| #endif
| #ifdef STDC_HEADERS
| # include <stdlib.h>
| # include <stddef.h>
| #else
| # ifdef HAVE_STDLIB_H
| #  include <stdlib.h>
| # endif
| #endif
| #ifdef HAVE_STRING_H
| # if !defined STDC_HEADERS && defined HAVE_MEMORY_H
| #  include <memory.h>
| # endif
| # include <string.h>
| #endif
| #ifdef HAVE_STRINGS_H
| # include <strings.h>
| #endif
| #ifdef HAVE_INTTYPES_H
| # include <inttypes.h>
| #endif
| #ifdef HAVE_STDINT_H
| # include <stdint.h>
| #endif
| #ifdef HAVE_UNISTD_H
| # include <unistd.h>
| #endif
| int
| main ()
| {
| if (sizeof ((unsigned short)))
| 	    return 0;
|   ;
|   return 0;
| }
configure:14007: result: yes
configure:14018: checking if right shift is signed
configure:14021: result: Assuming that right shift is signed on target machine.
configure:14066: checking for memset
configure:14066: /usr/local/opt/android-sdk/ndk-bundle/toolchains/arm-linux-androideabi-4.9/prebuilt/darwin-x86_64/bin/arm-linux-androideabi-gcc -o conftest --sysroot=/usr/local/opt/android-sdk/ndk-bundle/platforms/android-21/arch-arm/usr -I/usr/local/opt/android-sdk/ndk-bundle/platforms/android-21/arch-arm/usr/include -fPIE -pie -I/usr/local/opt/android-sdk/ndk-bundle/sources/android/support/include --sysroot=/usr/local/opt/android-sdk/ndk-bundle/platforms/android-21/arch-arm/usr -I/usr/local/opt/android-sdk/ndk-bundle/platforms/android-21/arch-arm/usr/include -fPIE -pie -I/usr/local/opt/android-sdk/ndk-bundle/sources/android/support/include -fPIE -pie --sysroot=/usr/local/opt/android-sdk/ndk-bundle/platforms/android-21/arch-arm/usr -L/usr/local/opt/android-sdk/ndk-bundle/platforms/android-21/arch-arm/usr/lib -fPIE -pie conftest.c  >&5
conftest.c:55:6: warning: conflicting types for built-in function 'memset'
 char memset ();
      ^
configure:14066: $? = 0
configure:14066: result: yes
configure:14066: checking for memcpy
configure:14066: /usr/local/opt/android-sdk/ndk-bundle/toolchains/arm-linux-androideabi-4.9/prebuilt/darwin-x86_64/bin/arm-linux-androideabi-gcc -o conftest --sysroot=/usr/local/opt/android-sdk/ndk-bundle/platforms/android-21/arch-arm/usr -I/usr/local/opt/android-sdk/ndk-bundle/platforms/android-21/arch-arm/usr/include -fPIE -pie -I/usr/local/opt/android-sdk/ndk-bundle/sources/android/support/include --sysroot=/usr/local/opt/android-sdk/ndk-bundle/platforms/android-21/arch-arm/usr -I/usr/local/opt/android-sdk/ndk-bundle/platforms/android-21/arch-arm/usr/include -fPIE -pie -I/usr/local/opt/android-sdk/ndk-bundle/sources/android/support/include -fPIE -pie --sysroot=/usr/local/opt/android-sdk/ndk-bundle/platforms/android-21/arch-arm/usr -L/usr/local/opt/android-sdk/ndk-bundle/platforms/android-21/arch-arm/usr/lib -fPIE -pie conftest.c  >&5
conftest.c:56:6: warning: conflicting types for built-in function 'memcpy'
 char memcpy ();
      ^
configure:14066: $? = 0
configure:14066: result: yes
configure:14080: checking libjpeg API version
configure:14108: result: 6.2
configure:14137: checking whether to include in-memory source/destination managers
configure:14146: result: yes
configure:14160: checking libjpeg shared library version
configure:14162: result: 62.2.0
configure:14198: checking whether the linker supports version scripts
configure:14218: /usr/local/opt/android-sdk/ndk-bundle/toolchains/arm-linux-androideabi-4.9/prebuilt/darwin-x86_64/bin/arm-linux-androideabi-gcc -o conftest --sysroot=/usr/local/opt/android-sdk/ndk-bundle/platforms/android-21/arch-arm/usr -I/usr/local/opt/android-sdk/ndk-bundle/platforms/android-21/arch-arm/usr/include -fPIE -pie -I/usr/local/opt/android-sdk/ndk-bundle/sources/android/support/include --sysroot=/usr/local/opt/android-sdk/ndk-bundle/platforms/android-21/arch-arm/usr -I/usr/local/opt/android-sdk/ndk-bundle/platforms/android-21/arch-arm/usr/include -fPIE -pie -I/usr/local/opt/android-sdk/ndk-bundle/sources/android/support/include -fPIE -pie --sysroot=/usr/local/opt/android-sdk/ndk-bundle/platforms/android-21/arch-arm/usr -L/usr/local/opt/android-sdk/ndk-bundle/platforms/android-21/arch-arm/usr/lib -fPIE -pie -Wl,--version-script,conftest.map conftest.c  >&5
configure:14218: $? = 0
configure:14220: result: yes (GNU style)
configure:14253: checking whether to use version script when building libjpeg-turbo
configure:14255: result: yes
configure:14269: checking for inline
configure:14284: /usr/local/opt/android-sdk/ndk-bundle/toolchains/arm-linux-androideabi-4.9/prebuilt/darwin-x86_64/bin/arm-linux-androideabi-gcc -c --sysroot=/usr/local/opt/android-sdk/ndk-bundle/platforms/android-21/arch-arm/usr -I/usr/local/opt/android-sdk/ndk-bundle/platforms/android-21/arch-arm/usr/include -fPIE -pie -I/usr/local/opt/android-sdk/ndk-bundle/sources/android/support/include --sysroot=/usr/local/opt/android-sdk/ndk-bundle/platforms/android-21/arch-arm/usr -I/usr/local/opt/android-sdk/ndk-bundle/platforms/android-21/arch-arm/usr/include -fPIE -pie -I/usr/local/opt/android-sdk/ndk-bundle/sources/android/support/include -fPIE -pie conftest.c >&5
configure:14284: $? = 0
configure:14339: result: inline __attribute__((always_inline))
configure:14348: checking whether to include arithmetic encoding support
configure:14370: result: yes
configure:14382: checking whether to include arithmetic decoding support
configure:14404: result: yes
configure:14426: checking whether to use 12-bit samples
configure:14441: result: no
configure:14454: checking whether to build TurboJPEG C wrapper
configure:14470: result: yes
configure:14494: checking whether to build TurboJPEG Java wrapper
configure:14550: result: no
configure:14600: checking if we have SIMD optimisations for cpu type
configure:15006: result: yes (arm)
configure:15008: checking if the assembler is GNU-compatible and can be used
configure:15027: /usr/local/opt/android-sdk/ndk-bundle/toolchains/arm-linux-androideabi-4.9/prebuilt/darwin-x86_64/bin/arm-linux-androideabi-gcc -c --sysroot=/usr/local/opt/android-sdk/ndk-bundle/platforms/android-21/arch-arm/usr -I/usr/local/opt/android-sdk/ndk-bundle/platforms/android-21/arch-arm/usr/include -fPIE -pie -I/usr/local/opt/android-sdk/ndk-bundle/sources/android/support/include -x assembler-with-cpp --sysroot=/usr/local/opt/android-sdk/ndk-bundle/platforms/android-21/arch-arm/usr -I/usr/local/opt/android-sdk/ndk-bundle/platforms/android-21/arch-arm/usr/include -fPIE -pie -I/usr/local/opt/android-sdk/ndk-bundle/sources/android/support/include -fPIE -pie conftest.c >&5
configure:15027: $? = 0
configure:15065: result: yes
configure:15514: checking that generated files are newer than configure
configure:15520: result: done
configure:15619: creating ./config.status

## ---------------------- ##
## Running config.status. ##
## ---------------------- ##

This file was extended by libjpeg-turbo config.status 1.5.2, which was
generated by GNU Autoconf 2.69.  Invocation command line was

  CONFIG_FILES    = 
  CONFIG_HEADERS  = 
  CONFIG_LINKS    = 
  CONFIG_COMMANDS = 
  $ ./config.status 

on FengdeMacBook-Pro.local

config.status:1185: creating pkgscripts/libjpeg-turbo.spec.tmpl
config.status:1185: creating pkgscripts/makecygwinpkg.tmpl
config.status:1185: creating pkgscripts/makedpkg.tmpl
config.status:1185: creating pkgscripts/makemacpkg.tmpl
config.status:1185: creating pkgscripts/uninstall.tmpl
config.status:1185: creating pkgscripts/libjpeg.pc
config.status:1185: creating pkgscripts/libturbojpeg.pc
config.status:1185: creating tjbenchtest
config.status:1185: creating libjpeg.map
config.status:1185: creating Makefile
config.status:1185: creating simd/Makefile
config.status:1185: creating java/Makefile
config.status:1185: creating md5/Makefile
config.status:1185: creating config.h
config.status:1366: config.h is unchanged
config.status:1185: creating jconfig.h
config.status:1366: jconfig.h is unchanged
config.status:1185: creating jconfigint.h
config.status:1366: jconfigint.h is unchanged
config.status:1414: executing depfiles commands
config.status:1414: executing libtool commands

## ---------------- ##
## Cache variables. ##
## ---------------- ##

ac_cv_build=x86_64-pc-linux-gnu
ac_cv_c_char_unsigned=yes
ac_cv_c_compiler_gnu=yes
ac_cv_c_const=yes
ac_cv_c_inline=inline
ac_cv_env_CCASFLAGS_set=
ac_cv_env_CCASFLAGS_value=
ac_cv_env_CCAS_set=
ac_cv_env_CCAS_value=
ac_cv_env_CC_set=set
ac_cv_env_CC_value=/usr/local/opt/android-sdk/ndk-bundle/toolchains/arm-linux-androideabi-4.9/prebuilt/darwin-x86_64/bin/arm-linux-androideabi-gcc
ac_cv_env_CFLAGS_set=set
ac_cv_env_CFLAGS_value='--sysroot=/usr/local/opt/android-sdk/ndk-bundle/platforms/android-21/arch-arm/usr -I/usr/local/opt/android-sdk/ndk-bundle/platforms/android-21/arch-arm/usr/include -fPIE -pie -I/usr/local/opt/android-sdk/ndk-bundle/sources/android/support/include'
ac_cv_env_CPPFLAGS_set=set
ac_cv_env_CPPFLAGS_value='--sysroot=/usr/local/opt/android-sdk/ndk-bundle/platforms/android-21/arch-arm/usr -I/usr/local/opt/android-sdk/ndk-bundle/platforms/android-21/arch-arm/usr/include -fPIE -pie -I/usr/local/opt/android-sdk/ndk-bundle/sources/android/support/include -fPIE -pie'
ac_cv_env_CPP_set=set
ac_cv_env_CPP_value=/usr/local/opt/android-sdk/ndk-bundle/toolchains/arm-linux-androideabi-4.9/prebuilt/darwin-x86_64/bin/arm-linux-androideabi-cpp
ac_cv_env_JAR_set=
ac_cv_env_JAR_value=
ac_cv_env_JAVACFLAGS_set=
ac_cv_env_JAVACFLAGS_value=
ac_cv_env_JAVAC_set=
ac_cv_env_JAVAC_value=
ac_cv_env_JAVA_set=
ac_cv_env_JAVA_value=
ac_cv_env_JNI_CFLAGS_set=
ac_cv_env_JNI_CFLAGS_value=
ac_cv_env_JPEG_LIB_VERSION_set=
ac_cv_env_JPEG_LIB_VERSION_value=
ac_cv_env_LDFLAGS_set=set
ac_cv_env_LDFLAGS_value='--sysroot=/usr/local/opt/android-sdk/ndk-bundle/platforms/android-21/arch-arm/usr -L/usr/local/opt/android-sdk/ndk-bundle/platforms/android-21/arch-arm/usr/lib -fPIE -pie'
ac_cv_env_LIBS_set=
ac_cv_env_LIBS_value=
ac_cv_env_LT_SYS_LIBRARY_PATH_set=
ac_cv_env_LT_SYS_LIBRARY_PATH_value=
ac_cv_env_NASM_set=
ac_cv_env_NASM_value=
ac_cv_env_PKGNAME_set=
ac_cv_env_PKGNAME_value=
ac_cv_env_PKG_CONFIG_LIBDIR_set=
ac_cv_env_PKG_CONFIG_LIBDIR_value=
ac_cv_env_PKG_CONFIG_PATH_set=
ac_cv_env_PKG_CONFIG_PATH_value=
ac_cv_env_PKG_CONFIG_set=
ac_cv_env_PKG_CONFIG_value=
ac_cv_env_SO_MAJOR_VERSION_set=
ac_cv_env_SO_MAJOR_VERSION_value=
ac_cv_env_SO_MINOR_VERSION_set=
ac_cv_env_SO_MINOR_VERSION_value=
ac_cv_env_build_alias_set=set
ac_cv_env_build_alias_value=x86_64-linux
ac_cv_env_host_alias_set=set
ac_cv_env_host_alias_value=arm-eabi
ac_cv_env_target_alias_set=set
ac_cv_env_target_alias_value=arm-eabi
ac_cv_func_memcpy=yes
ac_cv_func_memset=yes
ac_cv_have_decl___SUNPRO_C=no
ac_cv_header_dlfcn_h=yes
ac_cv_header_inttypes_h=yes
ac_cv_header_locale_h=yes
ac_cv_header_memory_h=yes
ac_cv_header_stdc=yes
ac_cv_header_stddef_h=yes
ac_cv_header_stdint_h=yes
ac_cv_header_stdlib_h=yes
ac_cv_header_string_h=yes
ac_cv_header_strings_h=yes
ac_cv_header_sys_stat_h=yes
ac_cv_header_sys_types_h=yes
ac_cv_header_unistd_h=yes
ac_cv_host=arm-unknown-eabi
ac_cv_objext=o
ac_cv_path_EGREP='/usr/bin/grep -E'
ac_cv_path_FGREP='/usr/bin/grep -F'
ac_cv_path_GREP=/usr/bin/grep
ac_cv_path_SED=/usr/local/bin/gsed
ac_cv_path_ac_pt_PKG_CONFIG=/usr/local/bin/pkg-config
ac_cv_path_install='/usr/bin/install -c'
ac_cv_path_lt_DD=/bin/dd
ac_cv_prog_AR=/usr/local/opt/android-sdk/ndk-bundle/toolchains/arm-linux-androideabi-4.9/prebuilt/darwin-x86_64/bin/arm-linux-androideabi-ar
ac_cv_prog_AWK=awk
ac_cv_prog_CC=/usr/local/opt/android-sdk/ndk-bundle/toolchains/arm-linux-androideabi-4.9/prebuilt/darwin-x86_64/bin/arm-linux-androideabi-gcc
ac_cv_prog_CPP=/usr/local/opt/android-sdk/ndk-bundle/toolchains/arm-linux-androideabi-4.9/prebuilt/darwin-x86_64/bin/arm-linux-androideabi-cpp
ac_cv_prog_OBJDUMP=/usr/local/opt/android-sdk/ndk-bundle/toolchains/arm-linux-androideabi-4.9/prebuilt/darwin-x86_64/bin/arm-linux-androideabi-objdump
ac_cv_prog_RANLIB=/usr/local/opt/android-sdk/ndk-bundle/toolchains/arm-linux-androideabi-4.9/prebuilt/darwin-x86_64/bin/arm-linux-androideabi-ranlib
ac_cv_prog_STRIP=/usr/local/opt/android-sdk/ndk-bundle/toolchains/arm-linux-androideabi-4.9/prebuilt/darwin-x86_64/bin/arm-linux-androideabi-strip
ac_cv_prog_cc_c89=
ac_cv_prog_cc_g=yes
ac_cv_prog_make_make_set=yes
ac_cv_sizeof_size_t=4
ac_cv_type_size_t=yes
ac_cv_type_unsigned_char=yes
ac_cv_type_unsigned_short=yes
am_cv_CCAS_dependencies_compiler_type=gcc3
am_cv_CC_dependencies_compiler_type=gcc3
am_cv_ar_interface=ar
am_cv_make_support_nested_variables=yes
am_cv_prog_cc_c_o=yes
ljt_cv_inline='inline __attribute__((always_inline))'
lt_cv_ar_at_file=@
lt_cv_archive_cmds_need_lc=no
lt_cv_deplibs_check_method=unknown
lt_cv_file_magic_cmd='$MAGIC_CMD'
lt_cv_file_magic_test_file=
lt_cv_ld_reload_flag=-r
lt_cv_nm_interface='BSD nm'
lt_cv_objdir=.libs
lt_cv_path_LD=/usr/local/opt/android-sdk/ndk-bundle/toolchains/arm-linux-androideabi-4.9/prebuilt/darwin-x86_64/bin/arm-linux-androideabi-ld
lt_cv_path_NM=/usr/local/opt/android-sdk/ndk-bundle/toolchains/arm-linux-androideabi-4.9/prebuilt/darwin-x86_64/bin/arm-linux-androideabi-nm
lt_cv_path_mainfest_tool=no
lt_cv_prog_compiler_c_o=yes
lt_cv_prog_compiler_pic='-fPIC -DPIC'
lt_cv_prog_compiler_pic_works=yes
lt_cv_prog_compiler_rtti_exceptions=no
lt_cv_prog_compiler_static_works=yes
lt_cv_prog_gnu_ld=yes
lt_cv_sharedlib_from_linklib_cmd='printf %s\n'
lt_cv_sys_global_symbol_pipe='sed -n -e '\''s/^.*[	 ]\([ABCDGIRSTW][ABCDGIRSTW]*\)[	 ][	 ]*\([_A-Za-z][_A-Za-z0-9]*\)$/\1 \2 \2/p'\'' | sed '\''/ __gnu_lto/d'\'''
lt_cv_sys_global_symbol_to_c_name_address='sed -n -e '\''s/^: \(.*\) .*$/  {"\1", (void *) 0},/p'\'' -e '\''s/^[ABCDGIRSTW][ABCDGIRSTW]* .* \(.*\)$/  {"\1", (void *) \&\1},/p'\'''
lt_cv_sys_global_symbol_to_c_name_address_lib_prefix='sed -n -e '\''s/^: \(.*\) .*$/  {"\1", (void *) 0},/p'\'' -e '\''s/^[ABCDGIRSTW][ABCDGIRSTW]* .* \(lib.*\)$/  {"\1", (void *) \&\1},/p'\'' -e '\''s/^[ABCDGIRSTW][ABCDGIRSTW]* .* \(.*\)$/  {"lib\1", (void *) \&\1},/p'\'''
lt_cv_sys_global_symbol_to_cdecl='sed -n -e '\''s/^T .* \(.*\)$/extern int \1();/p'\'' -e '\''s/^[ABCDGIRSTW][ABCDGIRSTW]* .* \(.*\)$/extern char \1;/p'\'''
lt_cv_sys_global_symbol_to_import=
lt_cv_sys_max_cmd_len=196608
lt_cv_to_host_file_cmd=func_convert_file_noop
lt_cv_to_tool_file_cmd=func_convert_file_noop
lt_cv_truncate_bin='/bin/dd bs=4096 count=1'

## ----------------- ##
## Output variables. ##
## ----------------- ##

ACLOCAL='${SHELL} /Users/zhufeng/git/android-shell-build/android/jpegturbo/libjpeg-turbo/missing aclocal-1.15'
AMDEPBACKSLASH='\'
AMDEP_FALSE='#'
AMDEP_TRUE=''
AMTAR='$${TAR-tar}'
AM_BACKSLASH='\'
AM_DEFAULT_V='$(AM_DEFAULT_VERBOSITY)'
AM_DEFAULT_VERBOSITY='0'
AM_V='$(V)'
AR='/usr/local/opt/android-sdk/ndk-bundle/toolchains/arm-linux-androideabi-4.9/prebuilt/darwin-x86_64/bin/arm-linux-androideabi-ar'
AUTOCONF='${SHELL} /Users/zhufeng/git/android-shell-build/android/jpegturbo/libjpeg-turbo/missing autoconf'
AUTOHEADER='${SHELL} /Users/zhufeng/git/android-shell-build/android/jpegturbo/libjpeg-turbo/missing autoheader'
AUTOMAKE='${SHELL} /Users/zhufeng/git/android-shell-build/android/jpegturbo/libjpeg-turbo/missing automake-1.15'
AWK='awk'
BUILD='20170704'
CC='/usr/local/opt/android-sdk/ndk-bundle/toolchains/arm-linux-androideabi-4.9/prebuilt/darwin-x86_64/bin/arm-linux-androideabi-gcc'
CCAS='/usr/local/opt/android-sdk/ndk-bundle/toolchains/arm-linux-androideabi-4.9/prebuilt/darwin-x86_64/bin/arm-linux-androideabi-gcc'
CCASDEPMODE='depmode=gcc3'
CCASFLAGS='--sysroot=/usr/local/opt/android-sdk/ndk-bundle/platforms/android-21/arch-arm/usr -I/usr/local/opt/android-sdk/ndk-bundle/platforms/android-21/arch-arm/usr/include -fPIE -pie -I/usr/local/opt/android-sdk/ndk-bundle/sources/android/support/include'
CCDEPMODE='depmode=gcc3'
CFLAGS='--sysroot=/usr/local/opt/android-sdk/ndk-bundle/platforms/android-21/arch-arm/usr -I/usr/local/opt/android-sdk/ndk-bundle/platforms/android-21/arch-arm/usr/include -fPIE -pie -I/usr/local/opt/android-sdk/ndk-bundle/sources/android/support/include'
CPP='/usr/local/opt/android-sdk/ndk-bundle/toolchains/arm-linux-androideabi-4.9/prebuilt/darwin-x86_64/bin/arm-linux-androideabi-cpp'
CPPFLAGS='--sysroot=/usr/local/opt/android-sdk/ndk-bundle/platforms/android-21/arch-arm/usr -I/usr/local/opt/android-sdk/ndk-bundle/platforms/android-21/arch-arm/usr/include -fPIE -pie -I/usr/local/opt/android-sdk/ndk-bundle/sources/android/support/include -fPIE -pie'
CROSS_COMPILING_FALSE='#'
CROSS_COMPILING_TRUE=''
CYGPATH_W='echo'
DEBARCH='x86_64'
DEFS='-DHAVE_CONFIG_H'
DEPDIR='.deps'
DLLTOOL='false'
DSYMUTIL=''
DUMPBIN=''
ECHO_C='\c'
ECHO_N=''
ECHO_T=''
EGREP='/usr/bin/grep -E'
EXEEXT=''
FGREP='/usr/bin/grep -F'
GREP='/usr/bin/grep'
INSTALL_DATA='${INSTALL} -m 644'
INSTALL_PROGRAM='${INSTALL}'
INSTALL_SCRIPT='${INSTALL}'
INSTALL_STRIP_PROGRAM='$(install_sh) -c -s'
JAR='jar'
JAVA='java'
JAVAC='javac'
JAVACFLAGS=''
JAVA_RPM_CONTENTS_1=''
JAVA_RPM_CONTENTS_2=''
JNI_CFLAGS=''
JPEG_LIB_VERSION='62'
JPEG_LIB_VERSION_DECIMAL='6.2'
LD='/usr/local/opt/android-sdk/ndk-bundle/toolchains/arm-linux-androideabi-4.9/prebuilt/darwin-x86_64/bin/arm-linux-androideabi-ld'
LDFLAGS='--sysroot=/usr/local/opt/android-sdk/ndk-bundle/platforms/android-21/arch-arm/usr -L/usr/local/opt/android-sdk/ndk-bundle/platforms/android-21/arch-arm/usr/lib -fPIE -pie'
LIBOBJS=''
LIBS=''
LIBTOOL='$(SHELL) $(top_builddir)/libtool'
LIBTOOL_CURRENT='64'
LIPO=''
LN_S='ln -s'
LTLIBOBJS=''
LT_SYS_LIBRARY_PATH=''
MAKEINFO='${SHELL} /Users/zhufeng/git/android-shell-build/android/jpegturbo/libjpeg-turbo/missing makeinfo'
MANIFEST_TOOL=':'
MEM_SRCDST_FUNCTIONS='global:  jpeg_mem_dest;  jpeg_mem_src;'
MKDIR_P='./install-sh -c -d'
NAFLAGS=''
NASM=''
NM='/usr/local/opt/android-sdk/ndk-bundle/toolchains/arm-linux-androideabi-4.9/prebuilt/darwin-x86_64/bin/arm-linux-androideabi-nm'
NMEDIT=''
OBJDUMP='/usr/local/opt/android-sdk/ndk-bundle/toolchains/arm-linux-androideabi-4.9/prebuilt/darwin-x86_64/bin/arm-linux-androideabi-objdump'
OBJEXT='o'
OTOOL64=''
OTOOL=''
PACKAGE='libjpeg-turbo'
PACKAGE_BUGREPORT=''
PACKAGE_NAME='libjpeg-turbo'
PACKAGE_STRING='libjpeg-turbo 1.5.2'
PACKAGE_TARNAME='libjpeg-turbo'
PACKAGE_URL=''
PACKAGE_VERSION='1.5.2'
PATH_SEPARATOR=':'
PKGNAME='libjpeg-turbo'
PKG_CONFIG='/usr/local/bin/pkg-config'
PKG_CONFIG_LIBDIR=''
PKG_CONFIG_PATH=''
RANLIB='/usr/local/opt/android-sdk/ndk-bundle/toolchains/arm-linux-androideabi-4.9/prebuilt/darwin-x86_64/bin/arm-linux-androideabi-ranlib'
RPMARCH='x86_64'
RPM_CONFIG_ARGS=''
SED='/usr/local/bin/gsed'
SET_MAKE=''
SHELL='/bin/sh'
SIMD_ARM_64_FALSE=''
SIMD_ARM_64_TRUE='#'
SIMD_ARM_FALSE='#'
SIMD_ARM_TRUE=''
SIMD_I386_FALSE=''
SIMD_I386_TRUE='#'
SIMD_MIPS_FALSE=''
SIMD_MIPS_TRUE='#'
SIMD_POWERPC_FALSE=''
SIMD_POWERPC_TRUE='#'
SIMD_X86_64_FALSE=''
SIMD_X86_64_TRUE='#'
SO_AGE='2'
SO_MAJOR_VERSION='62'
SO_MINOR_VERSION='0'
STRIP='/usr/local/opt/android-sdk/ndk-bundle/toolchains/arm-linux-androideabi-4.9/prebuilt/darwin-x86_64/bin/arm-linux-androideabi-strip'
VERSION='1.5.2'
VERSION_SCRIPT_FALSE='#'
VERSION_SCRIPT_FLAG='-Wl,--version-script,'
VERSION_SCRIPT_TRUE=''
WITH_12BIT_FALSE=''
WITH_12BIT_TRUE='#'
WITH_ARITH_DEC_FALSE='#'
WITH_ARITH_DEC_TRUE=''
WITH_ARITH_ENC_FALSE='#'
WITH_ARITH_ENC_TRUE=''
WITH_ARITH_FALSE='#'
WITH_ARITH_TRUE=''
WITH_JAVA='0'
WITH_JAVA_FALSE=''
WITH_JAVA_TRUE='#'
WITH_SIMD_FALSE='#'
WITH_SIMD_TRUE=''
WITH_SSE_FLOAT_DCT_FALSE=''
WITH_SSE_FLOAT_DCT_TRUE='#'
WITH_TURBOJPEG_FALSE='#'
WITH_TURBOJPEG_TRUE=''
X86_64_FALSE=''
X86_64_TRUE='#'
ac_ct_AR=''
ac_ct_CC=''
ac_ct_DUMPBIN=''
am__EXEEXT_FALSE=''
am__EXEEXT_TRUE='#'
am__fastdepCCAS_FALSE='#'
am__fastdepCCAS_TRUE=''
am__fastdepCC_FALSE='#'
am__fastdepCC_TRUE=''
am__include='include'
am__isrc=''
am__leading_dot='.'
am__nodep='_no'
am__quote=''
am__tar='$${TAR-tar} chof - "$$tardir"'
am__untar='$${TAR-tar} xf -'
bindir='${exec_prefix}/bin'
build='x86_64-pc-linux-gnu'
build_alias='x86_64-linux'
build_cpu='x86_64'
build_os='linux-gnu'
build_vendor='pc'
datadir='${datarootdir}'
datarootdir='${prefix}/share'
docdir='${datarootdir}/doc/${PACKAGE_TARNAME}'
dvidir='${docdir}'
exec_prefix='${prefix}'
host='arm-unknown-eabi'
host_alias='arm-eabi'
host_cpu='arm'
host_os='eabi'
host_vendor='unknown'
htmldir='${docdir}'
includedir='${prefix}/include'
infodir='${datarootdir}/info'
install_sh='${SHELL} /Users/zhufeng/git/android-shell-build/android/jpegturbo/libjpeg-turbo/install-sh'
libdir='${exec_prefix}/lib'
libexecdir='${exec_prefix}/libexec'
localedir='${datarootdir}/locale'
localstatedir='${prefix}/var'
mandir='${datarootdir}/man'
mkdir_p='$(MKDIR_P)'
oldincludedir='/usr/include'
pdfdir='${docdir}'
prefix='/Users/zhufeng/git/android-shell-build/android/build/../jpegturbo/dist'
program_transform_name='s,x,x,'
psdir='${docdir}'
sbindir='${exec_prefix}/sbin'
sharedstatedir='${prefix}/com'
sysconfdir='${prefix}/etc'
target_alias='arm-eabi'

## ----------- ##
## confdefs.h. ##
## ----------- ##

/* confdefs.h */
#define PACKAGE_NAME "libjpeg-turbo"
#define PACKAGE_TARNAME "libjpeg-turbo"
#define PACKAGE_VERSION "1.5.2"
#define PACKAGE_STRING "libjpeg-turbo 1.5.2"
#define PACKAGE_BUGREPORT ""
#define PACKAGE_URL ""
#define PACKAGE "libjpeg-turbo"
#define VERSION "1.5.2"
#define STDC_HEADERS 1
#define HAVE_SYS_TYPES_H 1
#define HAVE_SYS_STAT_H 1
#define HAVE_STDLIB_H 1
#define HAVE_STRING_H 1
#define HAVE_MEMORY_H 1
#define HAVE_STRINGS_H 1
#define HAVE_INTTYPES_H 1
#define HAVE_STDINT_H 1
#define HAVE_UNISTD_H 1
#define HAVE_DLFCN_H 1
#define LT_OBJDIR ".libs/"
#define SIZEOF_SIZE_T 4
#define STDC_HEADERS 1
#define HAVE_STDDEF_H 1
#define HAVE_STDLIB_H 1
#define HAVE_LOCALE_H 1
#define HAVE_STRING_H 1
#define NEED_SYS_TYPES_H 1
#define HAVE_UNSIGNED_CHAR 1
#define HAVE_UNSIGNED_SHORT 1
#define HAVE_MEMSET 1
#define HAVE_MEMCPY 1
#define JPEG_LIB_VERSION 62
#define MEM_SRCDST_SUPPORTED 1
#define LIBJPEG_TURBO_VERSION 1.5.2
#define LIBJPEG_TURBO_VERSION_NUMBER 1005002
#define INLINE inline __attribute__((always_inline))
#define C_ARITH_CODING_SUPPORTED 1
#define D_ARITH_CODING_SUPPORTED 1
#define WITH_SIMD 1
#define BUILD "20170704"

configure: exit 0
